Epoch 0 | Iteration 0 | Loss 0.6506279110908508 | APR 0.04931898743965263 | AUCROC 0.5135160876626504 | LR 0.001
Sample logits: -0.018866539001464844, -3.979783296585083
Epoch 0 | Iteration 500 | Loss 0.38510510325431824 | APR 0.525446542180716 | AUCROC 0.8448871268286526 | LR 0.001
Sample logits: -0.0256500244140625, -3.676011085510254
Epoch 0 | Iteration 1000 | Loss 0.2762916386127472 | APR 0.6615505367926342 | AUCROC 0.9173719639022582 | LR 0.001
Sample logits: -0.02572321891784668, -3.6731936931610107
Epoch 0 | Iteration 1500 | Loss 0.20192494988441467 | APR 0.6369499220219826 | AUCROC 0.9447520128645697 | LR 0.001
Sample logits: -0.0010914802551269531, -6.8209309577941895
Epoch 0 | Iteration 2000 | Loss 0.15618136525154114 | APR 0.680478254732752 | AUCROC 0.9576657149137016 | LR 0.001
Sample logits: -0.000545501708984375, -7.5137810707092285
Epoch 0 | Iteration 2500 | Loss 0.1664649099111557 | APR 0.7975639141298589 | AUCROC 0.9523848868514136 | LR 0.001
Sample logits: -0.003272533416748047, -5.72389554977417
Epoch 0 | Iteration 3000 | Loss 0.13607273995876312 | APR 0.6973500519238114 | AUCROC 0.9218880737482623 | LR 0.001
Sample logits: -0.00017547607421875, -8.649803161621094
Epoch 0 | Iteration 3500 | Loss 0.09819752722978592 | APR 0.7836602135862906 | AUCROC 0.9663662510099917 | LR 0.001
Sample logits: -0.000102996826171875, -9.176584243774414
Epoch 0 | Iteration 4000 | Loss 0.11215278506278992 | APR 0.7990974689768331 | AUCROC 0.9407698989403017 | LR 0.001
Sample logits: -0.0005598068237304688, -7.488381385803223
Epoch 0 | Iteration 4500 | Loss 0.15590065717697144 | APR 0.7425334080628104 | AUCROC 0.9147390535032378 | LR 0.001
Sample logits: -0.0005598068237304688, -7.48823356628418
Epoch 0 | Iteration 5000 | Loss 0.10931117087602615 | APR 0.6724761880164968 | AUCROC 0.9537000423280986 | LR 0.001
Sample logits: -7.343292236328125e-05, -9.52214241027832
Epoch 0 | Iteration 5500 | Loss 0.07855197042226791 | APR 0.8236393543046204 | AUCROC 0.9459691834041872 | LR 0.001
Sample logits: -0.0004100799560546875, -7.799725532531738
Train loss:      0.17724771570900213
Train apr:  0.7029713154409717
Train aucroc:  0.9273148813002369
Test Sample logits: -0.0024080276489257812, -6.030202388763428
Test Sample logits: -0.009602546691894531, -4.650506496429443
Test Sample logits: -6.29425048828125e-05, -9.667115211486816
Test Sample logits: -1.33514404296875e-05, -11.234030723571777
Test Sample logits: 0.0, -24.80732536315918
Test loss:      0.13775080081280283
Test apr:  0.527656226791243
Test aucroc:  0.8957275782332228
Epoch 1 | Iteration 0 | Loss 0.09790942072868347 | APR 0.7101272102625455 | AUCROC 0.9154644849121374 | LR 0.001
Sample logits: -2.86102294921875e-06, -12.893207550048828
Epoch 1 | Iteration 500 | Loss 0.08136790245771408 | APR 0.7755486284287242 | AUCROC 0.9240438677067733 | LR 0.001
Sample logits: -0.0003108978271484375, -8.075812339782715
Epoch 1 | Iteration 1000 | Loss 0.10513786971569061 | APR 0.8486264301820969 | AUCROC 0.9736051531207648 | LR 0.001
Sample logits: -0.0008940696716308594, -7.020059585571289
Epoch 1 | Iteration 1500 | Loss 0.06347259879112244 | APR 0.8047325916298237 | AUCROC 0.960228347618965 | LR 0.001
Sample logits: -9.5367431640625e-07, -13.889654159545898
Epoch 1 | Iteration 2000 | Loss 0.055777959525585175 | APR 0.8409690691040597 | AUCROC 0.9743062652577555 | LR 0.001
Sample logits: 0.0, -15.916634559631348
Epoch 1 | Iteration 2500 | Loss 0.10694492608308792 | APR 0.8624392549459394 | AUCROC 0.9674804819454168 | LR 0.001
Sample logits: -0.00017642974853515625, -8.641475677490234
Epoch 1 | Iteration 3000 | Loss 0.096715547144413 | APR 0.7479172110794748 | AUCROC 0.938960994533248 | LR 0.001
Sample logits: -6.67572021484375e-06, -11.965409278869629
Epoch 1 | Iteration 3500 | Loss 0.0639554113149643 | APR 0.803350838747062 | AUCROC 0.9725735928934025 | LR 0.001
Sample logits: -2.86102294921875e-06, -12.864847183227539
Epoch 1 | Iteration 4000 | Loss 0.09836495667695999 | APR 0.8103953256137967 | AUCROC 0.9395731316178197 | LR 0.001
Sample logits: -1.430511474609375e-05, -11.149892807006836
Epoch 1 | Iteration 4500 | Loss 0.14758186042308807 | APR 0.7689870262428077 | AUCROC 0.9220319885524237 | LR 0.001
Sample logits: 0.0, -17.308462142944336
Epoch 1 | Iteration 5000 | Loss 0.09894836694002151 | APR 0.6926118500374441 | AUCROC 0.9587022042063597 | LR 0.001
Sample logits: -8.58306884765625e-06, -11.697284698486328
Epoch 1 | Iteration 5500 | Loss 0.06906157732009888 | APR 0.8393385723064817 | AUCROC 0.9497193602140107 | LR 0.001
Sample logits: -2.86102294921875e-05, -10.467531204223633
Train loss:      0.08212189624071731
Train apr:  0.7892909862641547
Train aucroc:  0.950126117293487
Test Sample logits: -0.0001373291015625, -8.892746925354004
Test Sample logits: -0.00037097930908203125, -7.899747848510742
Test Sample logits: -1.33514404296875e-05, -11.246814727783203
Test Sample logits: -5.53131103515625e-05, -9.799057006835938
Test Sample logits: 0.0, -18.722814559936523
Test loss:      0.11782396464872263
Test apr:  0.6292331789121357
Test aucroc:  0.9186806311740666
Epoch 2 | Iteration 0 | Loss 0.09155886620283127 | APR 0.7292136828923856 | AUCROC 0.9270746623085362 | LR 0.001
Sample logits: 0.0, -14.785606384277344
Epoch 2 | Iteration 500 | Loss 0.07730130106210709 | APR 0.783626934106289 | AUCROC 0.9323718107530565 | LR 0.001
Sample logits: -1.9073486328125e-06, -12.973284721374512
Epoch 2 | Iteration 1000 | Loss 0.0933675542473793 | APR 0.8734308710861068 | AUCROC 0.9787441365612677 | LR 0.001
Sample logits: -3.147125244140625e-05, -10.364606857299805
Epoch 2 | Iteration 1500 | Loss 0.05733799561858177 | APR 0.8212112659498991 | AUCROC 0.9656675932034117 | LR 0.001
Sample logits: 0.0, -20.078638076782227
Epoch 2 | Iteration 2000 | Loss 0.05033069849014282 | APR 0.8536491712982468 | AUCROC 0.9770608176017173 | LR 0.001
Sample logits: 0.0, -17.073402404785156
Epoch 2 | Iteration 2500 | Loss 0.10431785881519318 | APR 0.8678085632095813 | AUCROC 0.9700372501433875 | LR 0.001
Sample logits: 0.0, -15.05094051361084
Epoch 2 | Iteration 3000 | Loss 0.09320046752691269 | APR 0.7616532922701537 | AUCROC 0.9421243136551768 | LR 0.001
Sample logits: 0.0, -15.127254486083984
Epoch 2 | Iteration 3500 | Loss 0.05947302281856537 | APR 0.8197308620446395 | AUCROC 0.9766815379944433 | LR 0.001
Sample logits: 0.0, -17.111957550048828
Epoch 2 | Iteration 4000 | Loss 0.09581823647022247 | APR 0.8158017333132912 | AUCROC 0.9478465128704687 | LR 0.001
Sample logits: -9.5367431640625e-07, -14.018378257751465
Epoch 2 | Iteration 4500 | Loss 0.14720076322555542 | APR 0.7722867015559931 | AUCROC 0.9259403209884971 | LR 0.001
Sample logits: 0.0, -18.847373962402344
Epoch 2 | Iteration 5000 | Loss 0.0933997854590416 | APR 0.7127202909007865 | AUCROC 0.9610400390211763 | LR 0.001
Sample logits: 0.0, -14.945198059082031
Epoch 2 | Iteration 5500 | Loss 0.06696801632642746 | APR 0.8455488281343403 | AUCROC 0.9547842596518173 | LR 0.001
Sample logits: -9.5367431640625e-07, -14.121198654174805
Train loss:      0.07822314873051918
Train apr:  0.798848053232264
Train aucroc:  0.9539222750991848
Test Sample logits: -6.67572021484375e-05, -9.611663818359375
Test Sample logits: -0.0003204345703125, -8.04535961151123
Test Sample logits: -2.86102294921875e-06, -12.767985343933105
Test Sample logits: -1.239776611328125e-05, -11.324450492858887
Test Sample logits: 0.0, -15.140249252319336
Test loss:      0.11765343315762804
Test apr:  0.6537359821962732
Test aucroc:  0.9258947921782194
Epoch 3 | Iteration 0 | Loss 0.09088995307683945 | APR 0.7357954580574543 | AUCROC 0.9281111453516702 | LR 0.001
Sample logits: 0.0, -21.890390396118164
Epoch 3 | Iteration 500 | Loss 0.07551731914281845 | APR 0.7892276345663389 | AUCROC 0.9367463397802288 | LR 0.001
Sample logits: 0.0, -14.615942001342773
Epoch 3 | Iteration 1000 | Loss 0.09550542384386063 | APR 0.8714317560390805 | AUCROC 0.9783199342548357 | LR 0.001
Sample logits: -1.9073486328125e-06, -12.972959518432617
Epoch 3 | Iteration 1500 | Loss 0.055220380425453186 | APR 0.8294696547647349 | AUCROC 0.9698686066698724 | LR 0.001
Sample logits: 0.0, -23.287954330444336
Epoch 3 | Iteration 2000 | Loss 0.04828708618879318 | APR 0.861174905172549 | AUCROC 0.977809165853186 | LR 0.001
Sample logits: 0.0, -25.762237548828125
Epoch 3 | Iteration 2500 | Loss 0.1001763865351677 | APR 0.8785892151465097 | AUCROC 0.9707898867391531 | LR 0.001
Sample logits: 0.0, -16.74228858947754
Epoch 3 | Iteration 3000 | Loss 0.09208878874778748 | APR 0.7661867343703522 | AUCROC 0.9451178536302849 | LR 0.001
Sample logits: 0.0, -19.794279098510742
Epoch 3 | Iteration 3500 | Loss 0.057936154305934906 | APR 0.8276782196083353 | AUCROC 0.9763142428839766 | LR 0.001
Sample logits: 0.0, -21.128297805786133
Epoch 3 | Iteration 4000 | Loss 0.09002033621072769 | APR 0.8315639232722742 | AUCROC 0.9545711753352649 | LR 0.001
Sample logits: 0.0, -14.97586441040039
Epoch 3 | Iteration 4500 | Loss 0.15148833394050598 | APR 0.7594324533615332 | AUCROC 0.922268194021711 | LR 0.001
Sample logits: 0.0, -20.257326126098633
Epoch 3 | Iteration 5000 | Loss 0.0944538488984108 | APR 0.7136317015659585 | AUCROC 0.9615038986439726 | LR 0.001
Sample logits: 0.0, -15.3593168258667
Epoch 3 | Iteration 5500 | Loss 0.06767894327640533 | APR 0.8442492422416121 | AUCROC 0.9567147468816268 | LR 0.001
Sample logits: 0.0, -16.063596725463867
Train loss:      0.07664429091460183
Train apr:  0.8033559486485455
Train aucroc:  0.9556908980971118
Test Sample logits: -1.52587890625e-05, -11.073395729064941
Test Sample logits: -0.00015926361083984375, -8.741973876953125
Test Sample logits: -9.5367431640625e-07, -14.107726097106934
Test Sample logits: -6.67572021484375e-06, -11.971576690673828
Test Sample logits: 0.0, -16.725875854492188
Test loss:      0.09867056107144735
Test apr:  0.7248140107296256
Test aucroc:  0.9489531777043073
Epoch 4 | Iteration 0 | Loss 0.0908747985959053 | APR 0.7341582927259795 | AUCROC 0.930359094080355 | LR 0.001
Sample logits: 0.0, -21.27112579345703
Epoch 4 | Iteration 500 | Loss 0.07557377964258194 | APR 0.7900764455182979 | AUCROC 0.9356391654781877 | LR 0.001
Sample logits: -9.5367431640625e-07, -13.898056983947754
Epoch 4 | Iteration 1000 | Loss 0.09176319092512131 | APR 0.8782275914798634 | AUCROC 0.9805531690563039 | LR 0.001
Sample logits: -3.814697265625e-06, -12.50690746307373
Epoch 4 | Iteration 1500 | Loss 0.05528508126735687 | APR 0.827904578656991 | AUCROC 0.9700357449371163 | LR 0.001
Sample logits: 0.0, -27.41870880126953
Epoch 4 | Iteration 2000 | Loss 0.04750904440879822 | APR 0.8638348984854715 | AUCROC 0.9797776550485712 | LR 0.001
Sample logits: 0.0, -27.743528366088867
Epoch 4 | Iteration 2500 | Loss 0.09858196973800659 | APR 0.8814804498657952 | AUCROC 0.9728800994425746 | LR 0.001
Sample logits: 0.0, -18.02419662475586
Epoch 4 | Iteration 3000 | Loss 0.09094052016735077 | APR 0.7711780858461345 | AUCROC 0.9468384438624512 | LR 0.001
Sample logits: 0.0, -25.457717895507812
Epoch 4 | Iteration 3500 | Loss 0.05957293510437012 | APR 0.8192145147758004 | AUCROC 0.9739476779013541 | LR 0.001
Sample logits: 0.0, -26.43195343017578
Epoch 4 | Iteration 4000 | Loss 0.0907767042517662 | APR 0.8291729630636768 | AUCROC 0.9515453926369666 | LR 0.001
Sample logits: 0.0, -15.852266311645508
Epoch 4 | Iteration 4500 | Loss 0.1455467790365219 | APR 0.7740286524633613 | AUCROC 0.9281434220934837 | LR 0.001
Sample logits: 0.0, -22.64482307434082
Epoch 4 | Iteration 5000 | Loss 0.09700574725866318 | APR 0.7106541216882951 | AUCROC 0.9605597111028333 | LR 0.001
Sample logits: 0.0, -17.3538818359375
Epoch 4 | Iteration 5500 | Loss 0.06685304641723633 | APR 0.8474777670054032 | AUCROC 0.9508807175727929 | LR 0.001
Sample logits: 0.0, -18.78190803527832
Train loss:      0.07546426564985402
Train apr:  0.8067240598064355
Train aucroc:  0.9569302054130461
Test Sample logits: -9.5367431640625e-06, -11.571800231933594
Test Sample logits: -1.049041748046875e-05, -11.478914260864258
Test Sample logits: 0.0, -14.451181411743164
Test Sample logits: 0.0, -15.454479217529297
Test Sample logits: 0.0, -16.43343162536621
Test loss:      0.09322041413479328
Test apr:  0.7514688354023596
Test aucroc:  0.953744627003001
Epoch 5 | Iteration 0 | Loss 0.09229852259159088 | APR 0.7341183469102077 | AUCROC 0.9285692372030576 | LR 0.001
Sample logits: 0.0, -26.72043800354004
Epoch 5 | Iteration 500 | Loss 0.07589832693338394 | APR 0.7870694369781662 | AUCROC 0.9373656641442739 | LR 0.001
Sample logits: 0.0, -16.645069122314453
Epoch 5 | Iteration 1000 | Loss 0.09099831432104111 | APR 0.8805606972612956 | AUCROC 0.9808940090445845 | LR 0.001
Sample logits: -3.814697265625e-06, -12.523849487304688
Epoch 5 | Iteration 1500 | Loss 0.053965672850608826 | APR 0.8338003629268141 | AUCROC 0.9719860947024661 | LR 0.001
Sample logits: 0.0, -30.272258758544922
Epoch 5 | Iteration 2000 | Loss 0.04661020636558533 | APR 0.8679914025361084 | AUCROC 0.9794185401233364 | LR 0.001
Sample logits: 0.0, -30.776939392089844
Epoch 5 | Iteration 2500 | Loss 0.09884601086378098 | APR 0.8793396387077625 | AUCROC 0.9724755526798672 | LR 0.001
Sample logits: 0.0, -18.20532989501953
Epoch 5 | Iteration 3000 | Loss 0.09125902503728867 | APR 0.7713884447720599 | AUCROC 0.9459700802795569 | LR 0.001
Sample logits: 0.0, -21.34635353088379
Epoch 5 | Iteration 3500 | Loss 0.059409040957689285 | APR 0.8169444445886623 | AUCROC 0.9748245110420907 | LR 0.001
Sample logits: 0.0, -30.750699996948242
Epoch 5 | Iteration 4000 | Loss 0.0901242196559906 | APR 0.8311587598250925 | AUCROC 0.9525891746640351 | LR 0.001
Sample logits: 0.0, -17.038536071777344
Epoch 5 | Iteration 4500 | Loss 0.14361409842967987 | APR 0.7787412737593709 | AUCROC 0.9291338729147464 | LR 0.001
Sample logits: 0.0, -25.267627716064453
Epoch 5 | Iteration 5000 | Loss 0.09220940619707108 | APR 0.7186300706198714 | AUCROC 0.962437270478065 | LR 0.001
Sample logits: 0.0, -19.467655181884766
Epoch 5 | Iteration 5500 | Loss 0.06796708703041077 | APR 0.845872681192606 | AUCROC 0.9498372588128394 | LR 0.001
Sample logits: 0.0, -22.258712768554688
