Epoch 0 | Iteration 0 | Loss 0.735694944858551 | APR 0.07354268779517684 | AUCROC 0.36384466071176136 | LR 0.001
Sample logits: -0.016902446746826172, -4.088726997375488
Train loss:      0.4668400625333838
Train apr:  0.5070444911585794
Train aucroc:  0.852885330374819
Test Sample logits: -0.004391193389892578, -5.430384635925293
Test Sample logits: -0.002819061279296875, -5.872720241546631
Test Sample logits: -0.0036382675170898438, -5.6180877685546875
Test Sample logits: -0.0017476081848144531, -6.350361347198486
Test Sample logits: -0.0010924339294433594, -6.819962024688721
Test loss:      0.4364665502686122
Test apr:  0.4945246780419186
Test aucroc:  0.8641113096312195
Epoch 1 | Iteration 0 | Loss 0.382487416267395 | APR 0.6363479198725485 | AUCROC 0.9245478712571191 | LR 0.001
Sample logits: -0.006679058074951172, -5.01212739944458
Train loss:      0.34881403054232185
Train apr:  0.5408876330461103
Train aucroc:  0.8874212593395615
Test Sample logits: -0.005787372589111328, -5.1549835205078125
Test Sample logits: -0.005743980407714844, -5.162489891052246
Test Sample logits: -0.0028238296508789062, -5.871133804321289
Test Sample logits: -0.0016140937805175781, -6.429712772369385
Test Sample logits: -0.0012145042419433594, -6.713830471038818
Test loss:      0.4311241334543209
Test apr:  0.506569211853633
Test aucroc:  0.8666819256321555
Epoch 2 | Iteration 0 | Loss 0.2998860776424408 | APR 0.6922470614391315 | AUCROC 0.9405670537834334 | LR 0.001
Sample logits: -0.0042133331298828125, -5.471629619598389
Train loss:      0.2758388191299594
Train apr:  0.5714465803595029
Train aucroc:  0.9006994581125747
Test Sample logits: -0.06728410720825195, -2.732283592224121
Test Sample logits: -0.051484107971191406, -2.9921164512634277
Test Sample logits: -0.04097342491149902, -3.2152488231658936
Test Sample logits: -0.031754255294799805, -3.4655613899230957
Test Sample logits: -0.037290096282958984, -3.3076119422912598
Test loss:      0.2700450850115774
Test apr:  0.33783981491764725
Test aucroc:  0.8140452164338857
Epoch 3 | Iteration 0 | Loss 0.23966194689273834 | APR 0.7479436223616384 | AUCROC 0.9630557865051429 | LR 0.001
Sample logits: -0.011168956756591797, -4.500188827514648
