Epoch 0 | Iteration 0 | Loss 583.32861328125 | APR 0.0457614007319092 | AUCROC 0.40694125545719545 | LR 0.001
Sample logits: 0.9119280576705933, 0.0
Epoch 0 | Iteration 500 | Loss 3746.0302734375 | APR 0.7451340391203636 | AUCROC 0.9075842627981857 | LR 0.001
Sample logits: 4.924498081207275, 0.0
Epoch 0 | Iteration 1000 | Loss 2212.805419921875 | APR 0.809342289966489 | AUCROC 0.9372396940392349 | LR 0.001
Sample logits: 7.021142959594727, 0.0
Epoch 0 | Iteration 1500 | Loss 703.9545288085938 | APR 0.7421761658703749 | AUCROC 0.9338535487802173 | LR 0.001
Sample logits: 14.831106185913086, 0.0
Epoch 0 | Iteration 2000 | Loss 796.9468994140625 | APR 0.8041460557189304 | AUCROC 0.9586376300210797 | LR 0.001
Sample logits: 19.0797061920166, 0.0
Epoch 0 | Iteration 2500 | Loss 983.7109375 | APR 0.8071544384566339 | AUCROC 0.9349539424939431 | LR 0.001
Sample logits: 14.755645751953125, 0.0
Epoch 0 | Iteration 3000 | Loss 1891.9163818359375 | APR 0.7038004524253839 | AUCROC 0.8925846026195697 | LR 0.001
Sample logits: 25.303813934326172, 0.0
Epoch 0 | Iteration 3500 | Loss 1068.7437744140625 | APR 0.7755745483373737 | AUCROC 0.9450922278115457 | LR 0.001
Sample logits: 28.909738540649414, 0.0
Epoch 0 | Iteration 4000 | Loss 645.2449340820312 | APR 0.8100099373624967 | AUCROC 0.930996294238542 | LR 0.001
Sample logits: 24.22970199584961, 0.0
Epoch 0 | Iteration 4500 | Loss 718.2887573242188 | APR 0.6913498340569727 | AUCROC 0.8792285374723416 | LR 0.001
Sample logits: 30.939678192138672, 0.0
Epoch 0 | Iteration 5000 | Loss 4300.0087890625 | APR 0.6770294937488986 | AUCROC 0.9536370270188677 | LR 0.001
Sample logits: 30.65211296081543, 0.0
Epoch 0 | Iteration 5500 | Loss 3383.72705078125 | APR 0.8181151471895854 | AUCROC 0.9425096886072032 | LR 0.001
Sample logits: 34.294185638427734, 0.0
Train loss:      1695.307570412092
Train apr:  0.7354018785591858
Train aucroc:  0.9166244617136157
Test Sample logits: 56.1853141784668, 0.0
Test Sample logits: 33.39805603027344, 0.0
Test Sample logits: 56.06267547607422, 0.0
Test Sample logits: 72.89374542236328, 0.0
Test Sample logits: 102.66291046142578, 0.0
Test loss:      1680.708301427651
Test apr:  0.6729476942869649
Test aucroc:  0.9199719802515651
Epoch 1 | Iteration 0 | Loss 431.3742370605469 | APR 0.683410524244975 | AUCROC 0.8743109501713273 | LR 0.001
Sample logits: 41.05028533935547, 0.0
Epoch 1 | Iteration 500 | Loss 3612.896484375 | APR 0.7772986069283305 | AUCROC 0.9222186959593361 | LR 0.001
Sample logits: 37.70985794067383, 0.0
Epoch 1 | Iteration 1000 | Loss 1996.2491455078125 | APR 0.858591839328464 | AUCROC 0.9641258789996983 | LR 0.001
Sample logits: 38.900325775146484, 0.0
Epoch 1 | Iteration 1500 | Loss 579.9927368164062 | APR 0.8032445299540911 | AUCROC 0.9459559632781118 | LR 0.001
Sample logits: 56.52793502807617, 0.0
Epoch 1 | Iteration 2000 | Loss 675.6179809570312 | APR 0.8484041947089821 | AUCROC 0.9637971540149357 | LR 0.001
Sample logits: 54.49678039550781, 0.0
Epoch 1 | Iteration 2500 | Loss 779.44580078125 | APR 0.8430638085813322 | AUCROC 0.9511845545597237 | LR 0.001
Sample logits: 42.09503936767578, 0.0
Epoch 1 | Iteration 3000 | Loss 1782.1595458984375 | APR 0.7256927875543588 | AUCROC 0.9052659068078954 | LR 0.001
Sample logits: 59.75654220581055, 0.0
Epoch 1 | Iteration 3500 | Loss 973.1739501953125 | APR 0.7863163268025554 | AUCROC 0.9426621284736094 | LR 0.001
Sample logits: 68.82183074951172, 0.0
Epoch 1 | Iteration 4000 | Loss 498.0894470214844 | APR 0.827249824628052 | AUCROC 0.9309139345077069 | LR 0.001
Sample logits: 49.149200439453125, 0.0
Epoch 1 | Iteration 4500 | Loss 565.8836669921875 | APR 0.7229208031067172 | AUCROC 0.9033399511715587 | LR 0.001
Sample logits: 59.021507263183594, 0.0
Epoch 1 | Iteration 5000 | Loss 4254.98193359375 | APR 0.7094292910697515 | AUCROC 0.9553127826688984 | LR 0.001
Sample logits: 62.9007453918457, 0.0
Epoch 1 | Iteration 5500 | Loss 3277.82421875 | APR 0.84581420142357 | AUCROC 0.9444304096524171 | LR 0.001
Sample logits: 56.35517501831055, 0.0
Train loss:      1574.687428294098
Train apr:  0.7774554822346015
Train aucroc:  0.9307219037534393
Test Sample logits: 87.43832397460938, 0.0
Test Sample logits: 68.78446197509766, 0.0
Test Sample logits: 90.1534194946289, 0.0
Test Sample logits: 106.10047149658203, 0.0
Test Sample logits: 155.3783416748047, 0.0
Test loss:      1585.2579803156027
Test apr:  0.7482778393406757
Test aucroc:  0.9315215315565404
Epoch 2 | Iteration 0 | Loss 347.7467956542969 | APR 0.7178842993030109 | AUCROC 0.8987380420254224 | LR 0.001
Sample logits: 70.52906036376953, 0.0
Epoch 2 | Iteration 500 | Loss 3536.837890625 | APR 0.7877250026299146 | AUCROC 0.9286622768617341 | LR 0.001
Sample logits: 66.90229797363281, 0.0
Epoch 2 | Iteration 1000 | Loss 1855.9886474609375 | APR 0.8629729616719988 | AUCROC 0.9618731558306389 | LR 0.001
Sample logits: 57.402591705322266, 0.0
Epoch 2 | Iteration 1500 | Loss 513.3206176757812 | APR 0.8239444708712382 | AUCROC 0.9545645446823459 | LR 0.001
Sample logits: 95.09984588623047, 0.0
Epoch 2 | Iteration 2000 | Loss 611.2307739257812 | APR 0.8598476055417981 | AUCROC 0.968382363148539 | LR 0.001
Sample logits: 89.14623260498047, 0.0
Epoch 2 | Iteration 2500 | Loss 642.2266845703125 | APR 0.848851024012572 | AUCROC 0.9486721191351434 | LR 0.001
Sample logits: 63.64460372924805, 0.0
Epoch 2 | Iteration 3000 | Loss 1722.6136474609375 | APR 0.7456923805784202 | AUCROC 0.9204483681891599 | LR 0.001
Sample logits: 83.78675842285156, 0.0
Epoch 2 | Iteration 3500 | Loss 926.13916015625 | APR 0.7932891630032802 | AUCROC 0.9431704644810004 | LR 0.001
Sample logits: 96.67223358154297, 0.0
Epoch 2 | Iteration 4000 | Loss 413.4464416503906 | APR 0.8253971425682644 | AUCROC 0.931328365261833 | LR 0.001
Sample logits: 82.10102081298828, 0.0
Epoch 2 | Iteration 4500 | Loss 473.5668640136719 | APR 0.7400311340332939 | AUCROC 0.9016157533728945 | LR 0.001
Sample logits: 81.97489929199219, 0.0
Epoch 2 | Iteration 5000 | Loss 4258.736328125 | APR 0.7020999212728269 | AUCROC 0.9585723999324468 | LR 0.001
Sample logits: 81.66373443603516, 0.0
Epoch 2 | Iteration 5500 | Loss 3228.19384765625 | APR 0.8452176665680949 | AUCROC 0.9411758143579667 | LR 0.001
Sample logits: 80.1338119506836, 0.0
Train loss:      1509.160990522666
Train apr:  0.7846288786266671
Train aucroc:  0.9321567905791261
Test Sample logits: 106.68717193603516, 0.0
Test Sample logits: 94.44097137451172, 0.0
Test Sample logits: 124.80772399902344, 0.0
Test Sample logits: 128.3369598388672, 0.0
Test Sample logits: 194.4552001953125, 0.0
Test loss:      1541.86278580551
Test apr:  0.7600216789880699
Test aucroc:  0.9322252813666118
Epoch 3 | Iteration 0 | Loss 311.9586486816406 | APR 0.7232436230680599 | AUCROC 0.9023648693590997 | LR 0.001
Sample logits: 95.98746490478516, 0.0
Epoch 3 | Iteration 500 | Loss 3510.93115234375 | APR 0.779839561476912 | AUCROC 0.9143550051645862 | LR 0.001
Sample logits: 91.785400390625, 0.0
Epoch 3 | Iteration 1000 | Loss 1782.3392333984375 | APR 0.8595853679760659 | AUCROC 0.9614084078102771 | LR 0.001
Sample logits: 72.6311264038086, 0.0
Epoch 3 | Iteration 1500 | Loss 492.4622497558594 | APR 0.8237504413892328 | AUCROC 0.9525416094464689 | LR 0.001
Sample logits: 107.03153228759766, 0.0
Epoch 3 | Iteration 2000 | Loss 589.499267578125 | APR 0.8668256331106806 | AUCROC 0.9721794043833435 | LR 0.001
Sample logits: 109.1266098022461, 0.0
Epoch 3 | Iteration 2500 | Loss 566.1424560546875 | APR 0.86079702529209 | AUCROC 0.9504955595787978 | LR 0.001
Sample logits: 81.35466003417969, 0.0
Epoch 3 | Iteration 3000 | Loss 1696.107666015625 | APR 0.7545634263579903 | AUCROC 0.921254479668289 | LR 0.001
Sample logits: 104.87724304199219, 0.0
Epoch 3 | Iteration 3500 | Loss 913.6148071289062 | APR 0.8012902088002397 | AUCROC 0.9510611223953518 | LR 0.001
Sample logits: 115.86192321777344, 0.0
Epoch 3 | Iteration 4000 | Loss 380.2485656738281 | APR 0.823505576187844 | AUCROC 0.9277711777585613 | LR 0.001
Sample logits: 94.57516479492188, 0.0
Epoch 3 | Iteration 4500 | Loss 442.315185546875 | APR 0.7343513331830888 | AUCROC 0.8928954092686501 | LR 0.001
Sample logits: 89.58814239501953, 0.0
Epoch 3 | Iteration 5000 | Loss 4269.4560546875 | APR 0.7080296817135427 | AUCROC 0.9561094187029566 | LR 0.001
Sample logits: 92.64171600341797, 0.0
Epoch 3 | Iteration 5500 | Loss 3214.116455078125 | APR 0.8394447300390162 | AUCROC 0.940675720979535 | LR 0.001
Sample logits: 93.47116088867188, 0.0
Train loss:      1484.2735228145823
Train apr:  0.7872567547067062
Train aucroc:  0.9318319154625638
Test Sample logits: 127.72944641113281, 0.0
Test Sample logits: 113.3008041381836, 0.0
Test Sample logits: 149.97496032714844, 0.0
Test Sample logits: 159.18785095214844, 0.0
Test Sample logits: 230.6678466796875, 0.0
Test loss:      1522.508755841226
Test apr:  0.7676334588968373
Test aucroc:  0.9341910130117098
Epoch 4 | Iteration 0 | Loss 306.3245544433594 | APR 0.7202783040042567 | AUCROC 0.9024148632785988 | LR 0.001
Sample logits: 104.17211151123047, 0.0
Epoch 4 | Iteration 500 | Loss 3498.38623046875 | APR 0.7846841519478425 | AUCROC 0.9195045808658524 | LR 0.001
Sample logits: 103.90667724609375, 0.0
Epoch 4 | Iteration 1000 | Loss 1743.4605712890625 | APR 0.8722797290540849 | AUCROC 0.9612328473462954 | LR 0.001
Sample logits: 76.04900360107422, 0.0
Epoch 4 | Iteration 1500 | Loss 490.2086181640625 | APR 0.8238570977231217 | AUCROC 0.952118083031795 | LR 0.001
Sample logits: 128.89071655273438, 0.0
Epoch 4 | Iteration 2000 | Loss 587.0810546875 | APR 0.8623754230515256 | AUCROC 0.9685041908324586 | LR 0.001
Sample logits: 127.55412292480469, 0.0
Epoch 4 | Iteration 2500 | Loss 541.2556762695312 | APR 0.8632843709848023 | AUCROC 0.9484082452426974 | LR 0.001
Sample logits: 78.98198699951172, 0.0
Epoch 4 | Iteration 3000 | Loss 1693.903564453125 | APR 0.7581754402537964 | AUCROC 0.9290426694734379 | LR 0.001
Sample logits: 111.224365234375, 0.0
Epoch 4 | Iteration 3500 | Loss 911.368896484375 | APR 0.8025020166828836 | AUCROC 0.947480583447864 | LR 0.001
Sample logits: 134.4357147216797, 0.0
Epoch 4 | Iteration 4000 | Loss 373.5564880371094 | APR 0.8203902272734459 | AUCROC 0.9278924896277619 | LR 0.001
Sample logits: 94.37618255615234, 0.0
Epoch 4 | Iteration 4500 | Loss 423.4996032714844 | APR 0.7360545276779374 | AUCROC 0.8983049376134522 | LR 0.001
Sample logits: 103.38544464111328, 0.0
Epoch 4 | Iteration 5000 | Loss 4277.68896484375 | APR 0.709317439041912 | AUCROC 0.955811852549671 | LR 0.001
Sample logits: 94.35713958740234, 0.0
Epoch 4 | Iteration 5500 | Loss 3208.007568359375 | APR 0.8364461537654514 | AUCROC 0.9367866663595301 | LR 0.001
Sample logits: 95.51380920410156, 0.0
Train loss:      1477.5932781547942
Train apr:  0.7889641285146088
Train aucroc:  0.9312600951034697
Test Sample logits: 124.19425201416016, 0.0
Test Sample logits: 101.55973815917969, 0.0
Test Sample logits: 143.20899963378906, 0.0
Test Sample logits: 162.499267578125, 0.0
Test Sample logits: 200.03707885742188, 0.0
Test loss:      1512.588002035914
Test apr:  0.7790106293914575
Test aucroc:  0.9363932709669023
Epoch 5 | Iteration 0 | Loss 303.8346862792969 | APR 0.7283365734387413 | AUCROC 0.9034451971481177 | LR 0.001
Sample logits: 106.481201171875, 0.0
Epoch 5 | Iteration 500 | Loss 3503.137939453125 | APR 0.785124561673423 | AUCROC 0.92045463157005 | LR 0.001
Sample logits: 111.29779815673828, 0.0
Epoch 5 | Iteration 1000 | Loss 1731.1561279296875 | APR 0.8671311691103301 | AUCROC 0.9604722229654227 | LR 0.001
Sample logits: 84.56755828857422, 0.0
Epoch 5 | Iteration 1500 | Loss 489.2886962890625 | APR 0.8228554723538758 | AUCROC 0.9520225795659635 | LR 0.001
Sample logits: 127.14104461669922, 0.0
Epoch 5 | Iteration 2000 | Loss 586.9993286132812 | APR 0.8669439667558619 | AUCROC 0.9689030607539924 | LR 0.001
Sample logits: 111.5365982055664, 0.0
Epoch 5 | Iteration 2500 | Loss 511.7861633300781 | APR 0.8643755398502823 | AUCROC 0.9486999597902562 | LR 0.001
Sample logits: 88.89288330078125, 0.0
Epoch 5 | Iteration 3000 | Loss 1686.74072265625 | APR 0.7683899931474009 | AUCROC 0.9290591815101198 | LR 0.001
Sample logits: 122.1113510131836, 0.0
Epoch 5 | Iteration 3500 | Loss 908.7161865234375 | APR 0.8038288540745497 | AUCROC 0.9466640961106009 | LR 0.001
Sample logits: 128.8293914794922, 0.0
Epoch 5 | Iteration 4000 | Loss 360.2123107910156 | APR 0.8204522606912972 | AUCROC 0.9260274924163173 | LR 0.001
Sample logits: 105.1006851196289, 0.0
Epoch 5 | Iteration 4500 | Loss 400.0212707519531 | APR 0.7422960732160707 | AUCROC 0.8893946005676518 | LR 0.001
Sample logits: 101.67849731445312, 0.0
Epoch 5 | Iteration 5000 | Loss 4283.54296875 | APR 0.7258599424943499 | AUCROC 0.9569862014946329 | LR 0.001
Sample logits: 108.48907470703125, 0.0
Epoch 5 | Iteration 5500 | Loss 3195.464599609375 | APR 0.8473343886196776 | AUCROC 0.9384146683904395 | LR 0.001
Sample logits: 108.10562896728516, 0.0
Train loss:      1467.277270983918
Train apr:  0.7897962664991441
Train aucroc:  0.9311186757923667
Test Sample logits: 123.11576843261719, 0.0
Test Sample logits: 101.53648376464844, 0.0
Test Sample logits: 152.46946716308594, 0.0
Test Sample logits: 152.52947998046875, 0.0
Test Sample logits: 184.6749267578125, 0.0
Test loss:      1507.7749800439278
Test apr:  0.7814200171093686
Test aucroc:  0.9382963967809165
Epoch 6 | Iteration 0 | Loss 302.46246337890625 | APR 0.7240721252340461 | AUCROC 0.8997756434568653 | LR 0.001
Sample logits: 115.7139892578125, 0.0
Epoch 6 | Iteration 500 | Loss 3503.798095703125 | APR 0.7769066746450853 | AUCROC 0.9085319257079811 | LR 0.001
Sample logits: 124.8501205444336, 0.0
Epoch 6 | Iteration 1000 | Loss 1701.08203125 | APR 0.8757097686763275 | AUCROC 0.962290917066426 | LR 0.001
Sample logits: 94.1995620727539, 0.0
Epoch 6 | Iteration 1500 | Loss 487.1956481933594 | APR 0.8266656576912945 | AUCROC 0.9520446266685821 | LR 0.001
Sample logits: 125.65088653564453, 0.0
Epoch 6 | Iteration 2000 | Loss 588.6956787109375 | APR 0.8617267149415947 | AUCROC 0.9716457819593345 | LR 0.001
Sample logits: 119.53607177734375, 0.0
Epoch 6 | Iteration 2500 | Loss 484.76953125 | APR 0.8616263378065012 | AUCROC 0.942506597867863 | LR 0.001
Sample logits: 96.49456787109375, 0.0
Epoch 6 | Iteration 3000 | Loss 1684.3109130859375 | APR 0.7730331923709426 | AUCROC 0.9319797264298366 | LR 0.001
Sample logits: 118.85596466064453, 0.0
Epoch 6 | Iteration 3500 | Loss 909.0624389648438 | APR 0.8028843134082676 | AUCROC 0.9486278132308339 | LR 0.001
Sample logits: 132.04006958007812, 0.0
Epoch 6 | Iteration 4000 | Loss 355.5404052734375 | APR 0.816574913967666 | AUCROC 0.9251848969340243 | LR 0.001
Sample logits: 120.46239471435547, 0.0
Epoch 6 | Iteration 4500 | Loss 382.8809509277344 | APR 0.7422633973711773 | AUCROC 0.8894197311371914 | LR 0.001
Sample logits: 113.65096282958984, 0.0
Epoch 6 | Iteration 5000 | Loss 4319.56494140625 | APR 0.7129894205150455 | AUCROC 0.9515387166944117 | LR 0.001
Sample logits: 113.60674285888672, 0.0
Epoch 6 | Iteration 5500 | Loss 3186.15576171875 | APR 0.8475653159929302 | AUCROC 0.9406484213524203 | LR 0.001
Sample logits: 110.76628875732422, 0.0
Train loss:      1459.072937453352
Train apr:  0.7908386653890856
Train aucroc:  0.9311834144358165
Test Sample logits: 117.81343841552734, 0.0
Test Sample logits: 101.27239227294922, 0.0
Test Sample logits: 143.0988311767578, 0.0
Test Sample logits: 140.10784912109375, 0.0
Test Sample logits: 166.94888305664062, 0.0
Test loss:      1499.7607789282401
Test apr:  0.7875474628003778
Test aucroc:  0.9339419703692609
Epoch 7 | Iteration 0 | Loss 300.458251953125 | APR 0.7259852708442183 | AUCROC 0.8995197169700594 | LR 0.001
Sample logits: 124.18788146972656, 0.0
Epoch 7 | Iteration 500 | Loss 3501.66796875 | APR 0.776594324079679 | AUCROC 0.9063484390662894 | LR 0.001
Sample logits: 113.44070434570312, 0.0
Epoch 7 | Iteration 1000 | Loss 1685.58056640625 | APR 0.8732065810699212 | AUCROC 0.9613475479504677 | LR 0.001
Sample logits: 99.39240264892578, 0.0
Epoch 7 | Iteration 1500 | Loss 488.682373046875 | APR 0.8248527340966476 | AUCROC 0.9507279721046646 | LR 0.001
Sample logits: 132.45864868164062, 0.0
Epoch 7 | Iteration 2000 | Loss 586.2003173828125 | APR 0.859764615429666 | AUCROC 0.9664196853624697 | LR 0.001
Sample logits: 115.18357849121094, 0.0
Epoch 7 | Iteration 2500 | Loss 464.7708740234375 | APR 0.8709411953589996 | AUCROC 0.9519696038829958 | LR 0.001
Sample logits: 100.00315856933594, 0.0
Epoch 7 | Iteration 3000 | Loss 1681.65625 | APR 0.7758784530396967 | AUCROC 0.9307802668783248 | LR 0.001
Sample logits: 130.5234375, 0.0
Epoch 7 | Iteration 3500 | Loss 910.4195556640625 | APR 0.7981520623755707 | AUCROC 0.9441727175399199 | LR 0.001
Sample logits: 135.96630859375, 0.0
Epoch 7 | Iteration 4000 | Loss 356.0350341796875 | APR 0.8101442741529796 | AUCROC 0.9205128165916289 | LR 0.001
Sample logits: 122.70513916015625, 0.0
Epoch 7 | Iteration 4500 | Loss 381.84014892578125 | APR 0.7394894866080636 | AUCROC 0.89258384856472 | LR 0.001
Sample logits: 128.8475799560547, 0.0
Epoch 7 | Iteration 5000 | Loss 4307.5576171875 | APR 0.716794790438689 | AUCROC 0.9532791771144817 | LR 0.001
Sample logits: 116.78144836425781, 0.0
Epoch 7 | Iteration 5500 | Loss 3190.30078125 | APR 0.8486203389809072 | AUCROC 0.9418576577643356 | LR 0.001
Sample logits: 114.48722076416016, 0.0
Train loss:      1454.2161585938697
Train apr:  0.7916202567713695
Train aucroc:  0.931132678520965
Test Sample logits: 126.34561157226562, 0.0
Test Sample logits: 103.0693130493164, 0.0
Test Sample logits: 130.39962768554688, 0.0
Test Sample logits: 143.6687469482422, 0.0
Test Sample logits: 177.9458465576172, 0.0
Test loss:      1498.3095002417167
Test apr:  0.7855367281513729
Test aucroc:  0.9317124763904945
Epoch 8 | Iteration 0 | Loss 303.3089294433594 | APR 0.7190160849719197 | AUCROC 0.8947081514693328 | LR 0.001
Sample logits: 115.90230560302734, 0.0
Epoch 8 | Iteration 500 | Loss 3504.602294921875 | APR 0.7782824701659986 | AUCROC 0.9093530243041598 | LR 0.001
Sample logits: 118.91461944580078, 0.0
Epoch 8 | Iteration 1000 | Loss 1676.6749267578125 | APR 0.8722020529216319 | AUCROC 0.9593207577209444 | LR 0.001
Sample logits: 119.34123229980469, 0.0
Epoch 8 | Iteration 1500 | Loss 486.5451965332031 | APR 0.8252769347713473 | AUCROC 0.9480842831769838 | LR 0.001
Sample logits: 128.54833984375, 0.0
Epoch 8 | Iteration 2000 | Loss 586.42822265625 | APR 0.8667413036753298 | AUCROC 0.9673717849289359 | LR 0.001
Sample logits: 119.74773406982422, 0.0
Epoch 8 | Iteration 2500 | Loss 449.6531677246094 | APR 0.8712817003614756 | AUCROC 0.9524665310013043 | LR 0.001
Sample logits: 110.37533569335938, 0.0
Epoch 8 | Iteration 3000 | Loss 1688.0216064453125 | APR 0.7702058856475134 | AUCROC 0.9292760285888547 | LR 0.001
Sample logits: 124.90943908691406, 0.0
Epoch 8 | Iteration 3500 | Loss 908.5526123046875 | APR 0.8011879205479201 | AUCROC 0.9475376103917068 | LR 0.001
Sample logits: 127.46356201171875, 0.0
Epoch 8 | Iteration 4000 | Loss 348.13482666015625 | APR 0.8225679594371375 | AUCROC 0.928463493567736 | LR 0.001
Sample logits: 121.15415954589844, 0.0
Epoch 8 | Iteration 4500 | Loss 372.70001220703125 | APR 0.7536207600560801 | AUCROC 0.896868628908223 | LR 0.001
Sample logits: 126.74105072021484, 0.0
Epoch 8 | Iteration 5000 | Loss 4312.1044921875 | APR 0.7040358313066689 | AUCROC 0.9522787636860537 | LR 0.001
Sample logits: 110.90953063964844, 0.0
Epoch 8 | Iteration 5500 | Loss 3197.790283203125 | APR 0.8406325838360611 | AUCROC 0.9380918702890771 | LR 0.001
Sample logits: 114.12003326416016, 0.0
Train loss:      1451.362662171789
Train apr:  0.7923929890824934
Train aucroc:  0.9313724280129485
Test Sample logits: 118.1445541381836, 0.0
Test Sample logits: 105.24523162841797, 0.0
Test Sample logits: 143.60206604003906, 0.0
Test Sample logits: 139.3333740234375, 0.0
Test Sample logits: 179.8383026123047, 0.0
Test loss:      1494.5815227531853
Test apr:  0.7903902547908294
Test aucroc:  0.9344167354942464
Epoch 9 | Iteration 0 | Loss 299.29376220703125 | APR 0.7317391152418858 | AUCROC 0.8995331297814287 | LR 0.001
Sample logits: 115.73463439941406, 0.0
Epoch 9 | Iteration 500 | Loss 3507.694091796875 | APR 0.7749081474944736 | AUCROC 0.906577487964059 | LR 0.001
Sample logits: 113.73442077636719, 0.0
Epoch 9 | Iteration 1000 | Loss 1663.4595947265625 | APR 0.8742396581028371 | AUCROC 0.959098623361532 | LR 0.001
Sample logits: 135.88858032226562, 0.0
Epoch 9 | Iteration 1500 | Loss 485.0260925292969 | APR 0.827608459793829 | AUCROC 0.9464877861954467 | LR 0.001
Sample logits: 128.38442993164062, 0.0
Epoch 9 | Iteration 2000 | Loss 586.4607543945312 | APR 0.8643553487291276 | AUCROC 0.965655533525717 | LR 0.001
Sample logits: 109.87449645996094, 0.0
Epoch 9 | Iteration 2500 | Loss 449.3105773925781 | APR 0.8723262947061687 | AUCROC 0.9539136327360384 | LR 0.001
Sample logits: 117.96599578857422, 0.0
Epoch 9 | Iteration 3000 | Loss 1679.229736328125 | APR 0.776724252135091 | AUCROC 0.9324860855520054 | LR 0.001
Sample logits: 122.03849792480469, 0.0
Epoch 9 | Iteration 3500 | Loss 907.1589965820312 | APR 0.8062174954160823 | AUCROC 0.9489231039796381 | LR 0.001
Sample logits: 137.27294921875, 0.0
Epoch 9 | Iteration 4000 | Loss 351.10589599609375 | APR 0.810330926297373 | AUCROC 0.9202544884803425 | LR 0.001
Sample logits: 129.66151428222656, 0.0
Epoch 9 | Iteration 4500 | Loss 365.8638000488281 | APR 0.7578331570954207 | AUCROC 0.8952032271590478 | LR 0.001
Sample logits: 115.66329193115234, 0.0
Epoch 9 | Iteration 5000 | Loss 4311.31884765625 | APR 0.7055678254958159 | AUCROC 0.9508088696250357 | LR 0.001
Sample logits: 109.94940185546875, 0.0
Epoch 9 | Iteration 5500 | Loss 3185.1044921875 | APR 0.8520754169208553 | AUCROC 0.9397367394536152 | LR 0.001
Sample logits: 107.66907501220703, 0.0
Train loss:      1449.2659126340275
Train apr:  0.79380758140895
Train aucroc:  0.931752231752638
Test Sample logits: 123.07689666748047, 0.0
Test Sample logits: 107.41504669189453, 0.0
Test Sample logits: 144.50006103515625, 0.0
Test Sample logits: 142.77890014648438, 0.0
Test Sample logits: 186.27706909179688, 0.0
Test loss:      1496.153155488055
Test apr:  0.7886072755872807
Test aucroc:  0.9339813877351824
Epoch 10 | Iteration 0 | Loss 294.6835632324219 | APR 0.7381965159671536 | AUCROC 0.9012058070331244 | LR 0.001
Sample logits: 113.93416595458984, 0.0
Epoch 10 | Iteration 500 | Loss 3494.12109375 | APR 0.7858778405112458 | AUCROC 0.9111560220735336 | LR 0.001
Sample logits: 109.11698150634766, 0.0
Epoch 10 | Iteration 1000 | Loss 1667.4227294921875 | APR 0.8672584465997588 | AUCROC 0.9600305141592901 | LR 0.001
Sample logits: 133.1361846923828, 0.0
Epoch 10 | Iteration 1500 | Loss 485.6198425292969 | APR 0.8247025523918958 | AUCROC 0.9460621855936133 | LR 0.001
Sample logits: 127.058349609375, 0.0
Epoch 10 | Iteration 2000 | Loss 585.3878173828125 | APR 0.863380732630104 | AUCROC 0.9671591943813513 | LR 0.001
Sample logits: 115.4964599609375, 0.0
Epoch 10 | Iteration 2500 | Loss 439.185302734375 | APR 0.8758037546552869 | AUCROC 0.9563239721511805 | LR 0.001
Sample logits: 119.9476547241211, 0.0
Epoch 10 | Iteration 3000 | Loss 1686.2232666015625 | APR 0.7723508362147911 | AUCROC 0.9308811470951645 | LR 0.001
Sample logits: 125.53656005859375, 0.0
Epoch 10 | Iteration 3500 | Loss 908.0059204101562 | APR 0.8041775487071618 | AUCROC 0.9482425542607488 | LR 0.001
Sample logits: 136.69569396972656, 0.0
Epoch 10 | Iteration 4000 | Loss 347.45428466796875 | APR 0.8162814407694462 | AUCROC 0.9181347216391084 | LR 0.001
Sample logits: 109.1135025024414, 0.0
Epoch 10 | Iteration 4500 | Loss 349.08837890625 | APR 0.7685826754759705 | AUCROC 0.8954392867324307 | LR 0.001
Sample logits: 124.03912353515625, 0.0
Epoch 10 | Iteration 5000 | Loss 4313.98779296875 | APR 0.7014826956290596 | AUCROC 0.9486318177954097 | LR 0.001
Sample logits: 109.2734375, 0.0
Epoch 10 | Iteration 5500 | Loss 3187.25341796875 | APR 0.8531085021816704 | AUCROC 0.9420904089784933 | LR 0.001
Sample logits: 108.2774887084961, 0.0
Train loss:      1447.8313260370305
Train apr:  0.7947068576825923
Train aucroc:  0.9319138801666652
Test Sample logits: 118.92597198486328, 0.0
Test Sample logits: 108.41702270507812, 0.0
Test Sample logits: 142.39926147460938, 0.0
Test Sample logits: 139.33456420898438, 0.0
Test Sample logits: 191.76722717285156, 0.0
Test loss:      1496.6020494138636
Test apr:  0.7875008706108397
Test aucroc:  0.9318873622626083
Epoch 11 | Iteration 0 | Loss 296.06976318359375 | APR 0.7358499189044623 | AUCROC 0.8997620265886815 | LR 0.001
Sample logits: 112.22357940673828, 0.0
Epoch 11 | Iteration 500 | Loss 3495.300048828125 | APR 0.7807083311599401 | AUCROC 0.909355008527677 | LR 0.001
Sample logits: 110.61444854736328, 0.0
Epoch 11 | Iteration 1000 | Loss 1668.89697265625 | APR 0.8636682349685714 | AUCROC 0.9596717134932502 | LR 0.001
Sample logits: 139.23825073242188, 0.0
Epoch 11 | Iteration 1500 | Loss 485.7080383300781 | APR 0.824202704162617 | AUCROC 0.9452660988224756 | LR 0.001
Sample logits: 126.6051254272461, 0.0
Epoch 11 | Iteration 2000 | Loss 586.2939453125 | APR 0.8655872825640871 | AUCROC 0.9664856653310302 | LR 0.001
Sample logits: 118.48771667480469, 0.0
Epoch 11 | Iteration 2500 | Loss 435.29156494140625 | APR 0.8772751219808741 | AUCROC 0.955859090361704 | LR 0.001
Sample logits: 117.76316833496094, 0.0
Epoch 11 | Iteration 3000 | Loss 1684.7442626953125 | APR 0.7779131233385538 | AUCROC 0.9317957158729359 | LR 0.001
Sample logits: 125.69246673583984, 0.0
Epoch 11 | Iteration 3500 | Loss 908.5489501953125 | APR 0.8022167608957085 | AUCROC 0.9483720163797635 | LR 0.001
Sample logits: 144.86709594726562, 0.0
Epoch 11 | Iteration 4000 | Loss 345.1388244628906 | APR 0.8213842097742117 | AUCROC 0.9231652528221701 | LR 0.001
Sample logits: 120.84756469726562, 0.0
Epoch 11 | Iteration 4500 | Loss 368.4215393066406 | APR 0.7565940621798015 | AUCROC 0.8971661471313509 | LR 0.001
Sample logits: 116.35992431640625, 0.0
Epoch 11 | Iteration 5000 | Loss 4300.11962890625 | APR 0.7118328095538056 | AUCROC 0.951792135815723 | LR 0.001
Sample logits: 109.12115478515625, 0.0
Epoch 11 | Iteration 5500 | Loss 3197.382568359375 | APR 0.8456880184986342 | AUCROC 0.9385646069282038 | LR 0.001
Sample logits: 106.5902099609375, 0.0
Train loss:      1446.4943861035333
Train apr:  0.7955964452328813
Train aucroc:  0.9320241808595692
Test Sample logits: 123.24095153808594, 0.0
Test Sample logits: 118.39045715332031, 0.0
Test Sample logits: 140.24038696289062, 0.0
Test Sample logits: 141.34654235839844, 0.0
Test Sample logits: 188.70147705078125, 0.0
Test loss:      1493.4961775645704
Test apr:  0.7900539822379753
Test aucroc:  0.9319421379500824
Epoch 12 | Iteration 0 | Loss 296.7975158691406 | APR 0.7365378316785585 | AUCROC 0.9005518755783981 | LR 0.001
Sample logits: 110.95196533203125, 0.0
Epoch 12 | Iteration 500 | Loss 3498.498291015625 | APR 0.7810130281800142 | AUCROC 0.908312640983565 | LR 0.001
Sample logits: 112.92594146728516, 0.0
Epoch 12 | Iteration 1000 | Loss 1667.2548828125 | APR 0.8661456650528858 | AUCROC 0.95838457287609 | LR 0.001
Sample logits: 133.05108642578125, 0.0
Epoch 12 | Iteration 1500 | Loss 483.8262939453125 | APR 0.8310328160653415 | AUCROC 0.9475212167075511 | LR 0.001
Sample logits: 126.67950439453125, 0.0
Epoch 12 | Iteration 2000 | Loss 583.2053833007812 | APR 0.8680983708399095 | AUCROC 0.9656529097713871 | LR 0.001
Sample logits: 120.41682434082031, 0.0
Epoch 12 | Iteration 2500 | Loss 438.82110595703125 | APR 0.877561746074946 | AUCROC 0.9538116183707501 | LR 0.001
Sample logits: 118.50765228271484, 0.0
Epoch 12 | Iteration 3000 | Loss 1681.9166259765625 | APR 0.7763253957122456 | AUCROC 0.9338714161715931 | LR 0.001
Sample logits: 117.45426177978516, 0.0
Epoch 12 | Iteration 3500 | Loss 906.1105346679688 | APR 0.8081417194247537 | AUCROC 0.950521100320255 | LR 0.001
Sample logits: 141.98733520507812, 0.0
Epoch 12 | Iteration 4000 | Loss 345.6000671386719 | APR 0.8219837253731584 | AUCROC 0.9247371311486884 | LR 0.001
Sample logits: 112.22356414794922, 0.0
Epoch 12 | Iteration 4500 | Loss 355.4999694824219 | APR 0.7674214518886991 | AUCROC 0.9002802952116088 | LR 0.001
Sample logits: 122.06600189208984, 0.0
Epoch 12 | Iteration 5000 | Loss 4297.86328125 | APR 0.7040835546197725 | AUCROC 0.9528772907035952 | LR 0.001
Sample logits: 107.28917694091797, 0.0
Epoch 12 | Iteration 5500 | Loss 3183.950927734375 | APR 0.8484023977288951 | AUCROC 0.9415466438116371 | LR 0.001
Sample logits: 105.20533752441406, 0.0
Train loss:      1445.7291757113692
Train apr:  0.7961516254289598
Train aucroc:  0.9321063219713907
Test Sample logits: 122.10726928710938, 0.0
Test Sample logits: 109.44798278808594, 0.0
Test Sample logits: 145.14288330078125, 0.0
Test Sample logits: 150.67710876464844, 0.0
Test Sample logits: 167.26394653320312, 0.0
Test loss:      1491.714240095523
Test apr:  0.7903203483901955
Test aucroc:  0.9313239783663823
Epoch 13 | Iteration 0 | Loss 292.7843933105469 | APR 0.7420888818016557 | AUCROC 0.9022957922032953 | LR 0.001
Sample logits: 120.65341186523438, 0.0
Epoch 13 | Iteration 500 | Loss 3491.93701171875 | APR 0.7862110303326467 | AUCROC 0.9129604883925168 | LR 0.001
Sample logits: 109.04951477050781, 0.0
Epoch 13 | Iteration 1000 | Loss 1654.5374755859375 | APR 0.878846105156626 | AUCROC 0.9614774428751355 | LR 0.001
Sample logits: 135.3952178955078, 0.0
Epoch 13 | Iteration 1500 | Loss 484.78033447265625 | APR 0.828453197459394 | AUCROC 0.9462035228340417 | LR 0.001
Sample logits: 124.98834228515625, 0.0
Epoch 13 | Iteration 2000 | Loss 585.3660278320312 | APR 0.8651920863499967 | AUCROC 0.9660142354026998 | LR 0.001
Sample logits: 110.01118469238281, 0.0
Epoch 13 | Iteration 2500 | Loss 434.24871826171875 | APR 0.8785897223696578 | AUCROC 0.9537476910013858 | LR 0.001
Sample logits: 117.91537475585938, 0.0
Epoch 13 | Iteration 3000 | Loss 1683.5888671875 | APR 0.7719267931225509 | AUCROC 0.9310483755411798 | LR 0.001
Sample logits: 121.61042785644531, 0.0
Epoch 13 | Iteration 3500 | Loss 906.474853515625 | APR 0.8045356776193024 | AUCROC 0.9498049154098204 | LR 0.001
Sample logits: 148.3503875732422, 0.0
Epoch 13 | Iteration 4000 | Loss 345.2861633300781 | APR 0.8216649931122898 | AUCROC 0.9245151377802864 | LR 0.001
Sample logits: 113.0672836303711, 0.0
Epoch 13 | Iteration 4500 | Loss 347.106689453125 | APR 0.7770544377390227 | AUCROC 0.9058824426242471 | LR 0.001
Sample logits: 120.5824966430664, 0.0
Epoch 13 | Iteration 5000 | Loss 4316.484375 | APR 0.688344930726805 | AUCROC 0.9446833426237888 | LR 0.001
Sample logits: 108.25370788574219, 0.0
Epoch 13 | Iteration 5500 | Loss 3182.18310546875 | APR 0.847852511302404 | AUCROC 0.93991546253545 | LR 0.001
Sample logits: 106.59458923339844, 0.0
Train loss:      1444.6432507462107
Train apr:  0.796966805143474
Train aucroc:  0.93219203819072
Test Sample logits: 119.60792541503906, 0.0
Test Sample logits: 107.19346618652344, 0.0
Test Sample logits: 150.83799743652344, 0.0
Test Sample logits: 145.54354858398438, 0.0
Test Sample logits: 185.60020446777344, 0.0
Test loss:      1490.7023522713034
Test apr:  0.7932092712887859
Test aucroc:  0.9335982665871606
Epoch 14 | Iteration 0 | Loss 292.4331970214844 | APR 0.7393274855824714 | AUCROC 0.90061375188316 | LR 0.001
Sample logits: 115.50338745117188, 0.0
Epoch 14 | Iteration 500 | Loss 3494.119873046875 | APR 0.7823468290558693 | AUCROC 0.9094267544627653 | LR 0.001
Sample logits: 107.29375457763672, 0.0
Epoch 14 | Iteration 1000 | Loss 1681.29345703125 | APR 0.8556993308758715 | AUCROC 0.9573089140784298 | LR 0.001
Sample logits: 128.9054412841797, 0.0
Epoch 14 | Iteration 1500 | Loss 482.7545166015625 | APR 0.832978617424466 | AUCROC 0.9488172690086234 | LR 0.001
Sample logits: 127.74761199951172, 0.0
Epoch 14 | Iteration 2000 | Loss 584.2171020507812 | APR 0.8673014472731297 | AUCROC 0.9661982394195402 | LR 0.001
Sample logits: 111.94033813476562, 0.0
Epoch 14 | Iteration 2500 | Loss 432.2529602050781 | APR 0.8806112712535423 | AUCROC 0.9565653122582567 | LR 0.001
Sample logits: 117.53364562988281, 0.0
Epoch 14 | Iteration 3000 | Loss 1680.8681640625 | APR 0.7766834522760176 | AUCROC 0.9309130533614111 | LR 0.001
Sample logits: 125.65511322021484, 0.0
Epoch 14 | Iteration 3500 | Loss 906.4116821289062 | APR 0.803664350210322 | AUCROC 0.9492350581695038 | LR 0.001
Sample logits: 146.2068328857422, 0.0
Epoch 14 | Iteration 4000 | Loss 344.2372741699219 | APR 0.8223575942944285 | AUCROC 0.9249284215858311 | LR 0.001
Sample logits: 108.92084503173828, 0.0
Epoch 14 | Iteration 4500 | Loss 351.2601623535156 | APR 0.7738704657592254 | AUCROC 0.9010861512397796 | LR 0.001
Sample logits: 113.74169158935547, 0.0
Epoch 14 | Iteration 5000 | Loss 4313.95751953125 | APR 0.6914002201275129 | AUCROC 0.9471257976939208 | LR 0.001
Sample logits: 108.7464599609375, 0.0
Epoch 14 | Iteration 5500 | Loss 3196.396728515625 | APR 0.8455905740367388 | AUCROC 0.9375392527326756 | LR 0.001
Sample logits: 105.61763000488281, 0.0
Train loss:      1443.9350580038215
Train apr:  0.7974715178674947
Train aucroc:  0.9324385229983646
Test Sample logits: 121.85083770751953, 0.0
Test Sample logits: 109.74552917480469, 0.0
Test Sample logits: 143.83367919921875, 0.0
Test Sample logits: 146.2906951904297, 0.0
Test Sample logits: 176.7382354736328, 0.0
Test loss:      1491.974627376331
Test apr:  0.79070883061842
Test aucroc:  0.9329896094923894
Epoch 15 | Iteration 0 | Loss 294.99127197265625 | APR 0.7410711659793691 | AUCROC 0.9039848096968113 | LR 0.001
Sample logits: 109.64505767822266, 0.0
Epoch 15 | Iteration 500 | Loss 3500.6396484375 | APR 0.7772451638893317 | AUCROC 0.908273135878057 | LR 0.001
Sample logits: 107.61607360839844, 0.0
Epoch 15 | Iteration 1000 | Loss 1654.4697265625 | APR 0.8773858632151174 | AUCROC 0.9611314004836418 | LR 0.001
Sample logits: 127.7500228881836, 0.0
Epoch 15 | Iteration 1500 | Loss 483.7567443847656 | APR 0.829433718173396 | AUCROC 0.9482333941872367 | LR 0.001
Sample logits: 132.43113708496094, 0.0
Epoch 15 | Iteration 2000 | Loss 583.8185424804688 | APR 0.8671287053638271 | AUCROC 0.9660927163663922 | LR 0.001
Sample logits: 119.44274139404297, 0.0
Epoch 15 | Iteration 2500 | Loss 436.43487548828125 | APR 0.8807798115858378 | AUCROC 0.9578979080727694 | LR 0.001
Sample logits: 120.77685546875, 0.0
Epoch 15 | Iteration 3000 | Loss 1674.9495849609375 | APR 0.7853040919777027 | AUCROC 0.933938432084215 | LR 0.001
Sample logits: 122.73241424560547, 0.0
Epoch 15 | Iteration 3500 | Loss 907.511474609375 | APR 0.8024593413114058 | AUCROC 0.9483129709948475 | LR 0.001
Sample logits: 157.3192138671875, 0.0
Epoch 15 | Iteration 4000 | Loss 336.3976135253906 | APR 0.8288173680943496 | AUCROC 0.9261545684373632 | LR 0.001
Sample logits: 110.88590240478516, 0.0
Epoch 15 | Iteration 4500 | Loss 364.7342224121094 | APR 0.7606519970095478 | AUCROC 0.8986466987696013 | LR 0.001
Sample logits: 127.30694580078125, 0.0
Epoch 15 | Iteration 5000 | Loss 4309.42578125 | APR 0.6950081892430559 | AUCROC 0.95192299797631 | LR 0.001
Sample logits: 108.7499008178711, 0.0
Epoch 15 | Iteration 5500 | Loss 3178.22607421875 | APR 0.8527192132307783 | AUCROC 0.9410282174200176 | LR 0.001
Sample logits: 103.50066375732422, 0.0
Train loss:      1443.4742367620054
Train apr:  0.7979833739160691
Train aucroc:  0.9324454731649738
Test Sample logits: 123.14241027832031, 0.0
Test Sample logits: 116.87739562988281, 0.0
Test Sample logits: 144.8260040283203, 0.0
Test Sample logits: 145.52407836914062, 0.0
Test Sample logits: 167.07386779785156, 0.0
Test loss:      1491.5876241866538
Test apr:  0.7910163882552016
Test aucroc:  0.9320882763460081
Epoch 16 | Iteration 0 | Loss 294.0238037109375 | APR 0.7395445245752299 | AUCROC 0.9014645118319401 | LR 0.001
Sample logits: 108.524169921875, 0.0
Epoch 16 | Iteration 500 | Loss 3496.912109375 | APR 0.7877359447426472 | AUCROC 0.9134502552922155 | LR 0.001
Sample logits: 119.40885925292969, 0.0
Epoch 16 | Iteration 1000 | Loss 1667.609130859375 | APR 0.8681350537768274 | AUCROC 0.9605202832617715 | LR 0.001
Sample logits: 132.12123107910156, 0.0
Epoch 16 | Iteration 1500 | Loss 482.88897705078125 | APR 0.832683440598212 | AUCROC 0.9480667367945801 | LR 0.001
Sample logits: 131.91973876953125, 0.0
Epoch 16 | Iteration 2000 | Loss 583.6896362304688 | APR 0.8643932907992935 | AUCROC 0.9658280655763305 | LR 0.001
Sample logits: 115.01959991455078, 0.0
Epoch 16 | Iteration 2500 | Loss 437.1459655761719 | APR 0.8790348764770874 | AUCROC 0.956632954436441 | LR 0.001
Sample logits: 121.50358581542969, 0.0
Epoch 16 | Iteration 3000 | Loss 1678.008544921875 | APR 0.7740680515517758 | AUCROC 0.9292425543918192 | LR 0.001
Sample logits: 127.22358703613281, 0.0
Epoch 16 | Iteration 3500 | Loss 905.6608276367188 | APR 0.8057441191524454 | AUCROC 0.9514948079951413 | LR 0.001
Sample logits: 139.54800415039062, 0.0
Epoch 16 | Iteration 4000 | Loss 343.6620178222656 | APR 0.8241483189127438 | AUCROC 0.9261866241797702 | LR 0.001
Sample logits: 119.68218231201172, 0.0
Epoch 16 | Iteration 4500 | Loss 355.23779296875 | APR 0.7745787256191756 | AUCROC 0.9040856251391483 | LR 0.001
Sample logits: 118.75714874267578, 0.0
Epoch 16 | Iteration 5000 | Loss 4293.98583984375 | APR 0.7167066113488222 | AUCROC 0.9555155495446538 | LR 0.001
Sample logits: 108.74293518066406, 0.0
Epoch 16 | Iteration 5500 | Loss 3170.119140625 | APR 0.8557705019893843 | AUCROC 0.9402019372835805 | LR 0.001
Sample logits: 106.474853515625, 0.0
Train loss:      1442.8518977179044
Train apr:  0.7983846895679074
Train aucroc:  0.9323804359655918
Test Sample logits: 121.79657745361328, 0.0
Test Sample logits: 114.83612060546875, 0.0
Test Sample logits: 133.96156311035156, 0.0
Test Sample logits: 141.10470581054688, 0.0
Test Sample logits: 151.25514221191406, 0.0
Test loss:      1491.5883428880493
Test apr:  0.7886934773317723
Test aucroc:  0.9303474572853289
Epoch 17 | Iteration 0 | Loss 294.0390930175781 | APR 0.7401964556529501 | AUCROC 0.9009912726862617 | LR 0.001
Sample logits: 109.8543701171875, 0.0
Epoch 17 | Iteration 500 | Loss 3496.869873046875 | APR 0.7844443617231359 | AUCROC 0.9118110848814948 | LR 0.001
Sample logits: 107.68025970458984, 0.0
Epoch 17 | Iteration 1000 | Loss 1662.1461181640625 | APR 0.8673192968317945 | AUCROC 0.9592367760690774 | LR 0.001
Sample logits: 137.7604217529297, 0.0
Epoch 17 | Iteration 1500 | Loss 481.6917419433594 | APR 0.8330001631121473 | AUCROC 0.9480029333793021 | LR 0.001
Sample logits: 134.11907958984375, 0.0
Epoch 17 | Iteration 2000 | Loss 583.0772094726562 | APR 0.8660219037636041 | AUCROC 0.9658512555418728 | LR 0.001
Sample logits: 116.52640533447266, 0.0
Epoch 17 | Iteration 2500 | Loss 430.69488525390625 | APR 0.8845011506809881 | AUCROC 0.9589047437292191 | LR 0.001
Sample logits: 120.16081237792969, 0.0
Epoch 17 | Iteration 3000 | Loss 1679.181640625 | APR 0.7790666438935406 | AUCROC 0.9319216754803382 | LR 0.001
Sample logits: 122.56390380859375, 0.0
Epoch 17 | Iteration 3500 | Loss 907.6705322265625 | APR 0.8023323707319525 | AUCROC 0.9486777184550528 | LR 0.001
Sample logits: 154.8189697265625, 0.0
Epoch 17 | Iteration 4000 | Loss 342.4315185546875 | APR 0.8228855081106587 | AUCROC 0.923897638309353 | LR 0.001
Sample logits: 108.01222229003906, 0.0
Epoch 17 | Iteration 4500 | Loss 350.0893249511719 | APR 0.7799885652799361 | AUCROC 0.9073195537569508 | LR 0.001
Sample logits: 117.59616088867188, 0.0
Epoch 17 | Iteration 5000 | Loss 4316.5615234375 | APR 0.6852609352798673 | AUCROC 0.9483900670062263 | LR 0.001
Sample logits: 112.26921844482422, 0.0
Epoch 17 | Iteration 5500 | Loss 3171.285400390625 | APR 0.8557189583708116 | AUCROC 0.9399114266073131 | LR 0.001
Sample logits: 103.15554809570312, 0.0
Train loss:      1442.257420085702
Train apr:  0.7989402171008868
Train aucroc:  0.9323923556830759
Test Sample logits: 120.561767578125, 0.0
Test Sample logits: 109.46086883544922, 0.0
Test Sample logits: 144.03477478027344, 0.0
Test Sample logits: 144.08059692382812, 0.0
Test Sample logits: 156.84764099121094, 0.0
Test loss:      1489.8969712267096
Test apr:  0.792695871743504
Test aucroc:  0.9328039379819653
Epoch 18 | Iteration 0 | Loss 292.69287109375 | APR 0.7417075751856433 | AUCROC 0.9002985939818389 | LR 0.001
Sample logits: 116.86308288574219, 0.0
Epoch 18 | Iteration 500 | Loss 3497.023681640625 | APR 0.7847175723094336 | AUCROC 0.9138411809560281 | LR 0.001
Sample logits: 106.70207977294922, 0.0
Epoch 18 | Iteration 1000 | Loss 1645.8731689453125 | APR 0.8781715465032125 | AUCROC 0.963310092629202 | LR 0.001
Sample logits: 133.74217224121094, 0.0
Epoch 18 | Iteration 1500 | Loss 482.1274108886719 | APR 0.8326380876486421 | AUCROC 0.9476355983789518 | LR 0.001
Sample logits: 126.8149185180664, 0.0
Epoch 18 | Iteration 2000 | Loss 583.4058837890625 | APR 0.8670183584968191 | AUCROC 0.9624972175363694 | LR 0.001
Sample logits: 112.18293762207031, 0.0
Epoch 18 | Iteration 2500 | Loss 428.8811950683594 | APR 0.8827381174098388 | AUCROC 0.9565042424341387 | LR 0.001
Sample logits: 122.65054321289062, 0.0
Epoch 18 | Iteration 3000 | Loss 1687.5166015625 | APR 0.766425643876536 | AUCROC 0.9268750539210648 | LR 0.001
Sample logits: 124.36731719970703, 0.0
Epoch 18 | Iteration 3500 | Loss 905.8925170898438 | APR 0.807817906051651 | AUCROC 0.9510421931943507 | LR 0.001
Sample logits: 141.57215881347656, 0.0
Epoch 18 | Iteration 4000 | Loss 338.6859130859375 | APR 0.8275452525202243 | AUCROC 0.9243261118313688 | LR 0.001
Sample logits: 110.4343490600586, 0.0
Epoch 18 | Iteration 4500 | Loss 351.3819580078125 | APR 0.7692073113681506 | AUCROC 0.8998635435605778 | LR 0.001
Sample logits: 114.85728454589844, 0.0
Epoch 18 | Iteration 5000 | Loss 4306.392578125 | APR 0.7024168440321802 | AUCROC 0.9470297194787695 | LR 0.001
Sample logits: 111.77643585205078, 0.0
Epoch 18 | Iteration 5500 | Loss 3178.65966796875 | APR 0.8510861549798108 | AUCROC 0.9394056220098198 | LR 0.001
Sample logits: 104.50499725341797, 0.0
Train loss:      1441.912041559894
Train apr:  0.7991365152196065
Train aucroc:  0.932319306811895
Test Sample logits: 124.62760162353516, 0.0
Test Sample logits: 112.75578308105469, 0.0
Test Sample logits: 144.17758178710938, 0.0
Test Sample logits: 154.6294403076172, 0.0
Test Sample logits: 155.08763122558594, 0.0
Test loss:      1489.567674912649
Test apr:  0.793134752668746
Test aucroc:  0.9320151539777591
Epoch 19 | Iteration 0 | Loss 289.6312255859375 | APR 0.7489578571343656 | AUCROC 0.9042147974231863 | LR 0.001
Sample logits: 113.47154235839844, 0.0
Epoch 19 | Iteration 500 | Loss 3493.951904296875 | APR 0.7843155964785749 | AUCROC 0.9101431936761339 | LR 0.001
Sample logits: 106.20144653320312, 0.0
Epoch 19 | Iteration 1000 | Loss 1668.34326171875 | APR 0.863593577866552 | AUCROC 0.9580150370923092 | LR 0.001
Sample logits: 133.47003173828125, 0.0
Epoch 19 | Iteration 1500 | Loss 482.8085021972656 | APR 0.831385426339222 | AUCROC 0.9458783696206394 | LR 0.001
Sample logits: 132.2544708251953, 0.0
Epoch 19 | Iteration 2000 | Loss 583.5383911132812 | APR 0.8620205468414438 | AUCROC 0.9667773905360624 | LR 0.001
Sample logits: 115.16448974609375, 0.0
Epoch 19 | Iteration 2500 | Loss 426.2293395996094 | APR 0.8884217030170268 | AUCROC 0.959627988431024 | LR 0.001
Sample logits: 121.72270965576172, 0.0
Epoch 19 | Iteration 3000 | Loss 1680.0894775390625 | APR 0.7767748932100733 | AUCROC 0.9314840877531102 | LR 0.001
Sample logits: 121.17506408691406, 0.0
Epoch 19 | Iteration 3500 | Loss 904.720458984375 | APR 0.8096557272301687 | AUCROC 0.9519418301983334 | LR 0.001
Sample logits: 142.35055541992188, 0.0
Epoch 19 | Iteration 4000 | Loss 343.79632568359375 | APR 0.8212999977520345 | AUCROC 0.9233105035668925 | LR 0.001
Sample logits: 108.59772491455078, 0.0
Epoch 19 | Iteration 4500 | Loss 360.6636657714844 | APR 0.7671220950619695 | AUCROC 0.9027760635009008 | LR 0.001
Sample logits: 127.13642883300781, 0.0
Epoch 19 | Iteration 5000 | Loss 4317.525390625 | APR 0.6993958892208076 | AUCROC 0.9472768860161528 | LR 0.001
Sample logits: 108.62401580810547, 0.0
Epoch 19 | Iteration 5500 | Loss 3164.728515625 | APR 0.8582777344947601 | AUCROC 0.9403261182233768 | LR 0.001
Sample logits: 104.37545013427734, 0.0
Train loss:      1441.1915373113557
Train apr:  0.799551420914413
Train aucroc:  0.9322301625997067
Test Sample logits: 125.02454376220703, 0.0
Test Sample logits: 115.32438659667969, 0.0
Test Sample logits: 132.30799865722656, 0.0
Test Sample logits: 150.69882202148438, 0.0
Test Sample logits: 142.73199462890625, 0.0
Test loss:      1490.3625819639374
Test apr:  0.7911594296217981
Test aucroc:  0.9310807848910035
Epoch 20 | Iteration 0 | Loss 290.9933166503906 | APR 0.7481965465652062 | AUCROC 0.9067551791875862 | LR 0.001
Sample logits: 112.85297393798828, 0.0
Epoch 20 | Iteration 500 | Loss 3494.305908203125 | APR 0.785264388549323 | AUCROC 0.9142120850198299 | LR 0.001
Sample logits: 108.59944915771484, 0.0
Epoch 20 | Iteration 1000 | Loss 1661.7799072265625 | APR 0.8614843748385491 | AUCROC 0.9599015275907389 | LR 0.001
Sample logits: 135.31903076171875, 0.0
Epoch 20 | Iteration 1500 | Loss 483.1463317871094 | APR 0.8297266896052935 | AUCROC 0.9466595448475497 | LR 0.001
Sample logits: 127.2167739868164, 0.0
Epoch 20 | Iteration 2000 | Loss 584.4984130859375 | APR 0.8610251732239587 | AUCROC 0.9641373046378297 | LR 0.001
Sample logits: 123.50923156738281, 0.0
Epoch 20 | Iteration 2500 | Loss 436.2781677246094 | APR 0.885341681473467 | AUCROC 0.9595650407914584 | LR 0.001
Sample logits: 123.30638122558594, 0.0
Epoch 20 | Iteration 3000 | Loss 1677.0888671875 | APR 0.7807265473815095 | AUCROC 0.9315190473582615 | LR 0.001
Sample logits: 125.08939361572266, 0.0
Epoch 20 | Iteration 3500 | Loss 902.6951904296875 | APR 0.8094877738496515 | AUCROC 0.9495343990971681 | LR 0.001
Sample logits: 145.2158966064453, 0.0
Epoch 20 | Iteration 4000 | Loss 340.7213134765625 | APR 0.8252392448731738 | AUCROC 0.9252269223064089 | LR 0.001
Sample logits: 118.55095672607422, 0.0
Epoch 20 | Iteration 4500 | Loss 348.39886474609375 | APR 0.7736045843913728 | AUCROC 0.9000395669692839 | LR 0.001
Sample logits: 121.4943618774414, 0.0
Epoch 20 | Iteration 5000 | Loss 4328.36181640625 | APR 0.6775898784097149 | AUCROC 0.9432971637142471 | LR 0.001
Sample logits: 111.2198486328125, 0.0
Epoch 20 | Iteration 5500 | Loss 3179.307861328125 | APR 0.8464604517270907 | AUCROC 0.9390246265862197 | LR 0.001
Sample logits: 105.69718933105469, 0.0
Train loss:      1440.911332101326
Train apr:  0.7997041504725937
Train aucroc:  0.9322055654567539
Test Sample logits: 125.83028411865234, 0.0
Test Sample logits: 111.15925598144531, 0.0
Test Sample logits: 136.5035400390625, 0.0
Test Sample logits: 151.5294647216797, 0.0
Test Sample logits: 140.52279663085938, 0.0
Test loss:      1490.2885137585176
Test apr:  0.7897260876849345
Test aucroc:  0.9300848801945477
Epoch 21 | Iteration 0 | Loss 288.9664306640625 | APR 0.751817571354603 | AUCROC 0.9085008773854388 | LR 0.001
Sample logits: 116.6197280883789, 0.0
Epoch 21 | Iteration 500 | Loss 3502.434326171875 | APR 0.7757391897901076 | AUCROC 0.9107789747640401 | LR 0.001
Sample logits: 104.77587127685547, 0.0
Epoch 21 | Iteration 1000 | Loss 1649.34033203125 | APR 0.8756095114716155 | AUCROC 0.9630636803881291 | LR 0.001
Sample logits: 122.2626724243164, 0.0
Epoch 21 | Iteration 1500 | Loss 483.7646484375 | APR 0.8296149074309265 | AUCROC 0.9466338657013895 | LR 0.001
Sample logits: 125.65169525146484, 0.0
Epoch 21 | Iteration 2000 | Loss 583.4781494140625 | APR 0.8631537805210993 | AUCROC 0.9639823379130866 | LR 0.001
Sample logits: 111.23822784423828, 0.0
Epoch 21 | Iteration 2500 | Loss 425.75994873046875 | APR 0.8891702410554347 | AUCROC 0.9613128379302391 | LR 0.001
Sample logits: 124.68900299072266, 0.0
Epoch 21 | Iteration 3000 | Loss 1675.1708984375 | APR 0.7747343762099905 | AUCROC 0.9292721425211578 | LR 0.001
Sample logits: 125.2971420288086, 0.0
Epoch 21 | Iteration 3500 | Loss 904.7130126953125 | APR 0.8085285308688563 | AUCROC 0.9489855533231497 | LR 0.001
Sample logits: 145.68862915039062, 0.0
Epoch 21 | Iteration 4000 | Loss 337.9915771484375 | APR 0.8276522668599082 | AUCROC 0.9251277553675133 | LR 0.001
Sample logits: 112.26963806152344, 0.0
Epoch 21 | Iteration 4500 | Loss 345.4450988769531 | APR 0.7779475478994768 | AUCROC 0.9033913065299214 | LR 0.001
Sample logits: 118.83538055419922, 0.0
Epoch 21 | Iteration 5000 | Loss 4314.49951171875 | APR 0.6968093225281954 | AUCROC 0.9404916008850629 | LR 0.001
Sample logits: 114.686279296875, 0.0
Epoch 21 | Iteration 5500 | Loss 3183.05126953125 | APR 0.8493705853141336 | AUCROC 0.9380034415806066 | LR 0.001
Sample logits: 104.251953125, 0.0
Train loss:      1440.344557639705
Train apr:  0.8000359922200627
Train aucroc:  0.9321516490683356
Test Sample logits: 121.03974914550781, 0.0
Test Sample logits: 115.19178009033203, 0.0
Test Sample logits: 136.64132690429688, 0.0
Test Sample logits: 138.3076934814453, 0.0
Test Sample logits: 128.7944793701172, 0.0
Test loss:      1489.6350279068024
Test apr:  0.79144903822684
Test aucroc:  0.9302967928061536
Epoch 22 | Iteration 0 | Loss 288.2911682128906 | APR 0.7495676354332121 | AUCROC 0.9025458599050297 | LR 0.001
Sample logits: 113.79246520996094, 0.0
Epoch 22 | Iteration 500 | Loss 3501.16015625 | APR 0.7810959709661718 | AUCROC 0.9101344944815045 | LR 0.001
Sample logits: 107.95116424560547, 0.0
Epoch 22 | Iteration 1000 | Loss 1653.0784912109375 | APR 0.8718248160739236 | AUCROC 0.9605768490744842 | LR 0.001
Sample logits: 136.95680236816406, 0.0
Epoch 22 | Iteration 1500 | Loss 482.58770751953125 | APR 0.8298808660734498 | AUCROC 0.9452114320243549 | LR 0.001
Sample logits: 126.56248474121094, 0.0
Epoch 22 | Iteration 2000 | Loss 580.3818969726562 | APR 0.8709397711212712 | AUCROC 0.9645644701604695 | LR 0.001
Sample logits: 119.59188842773438, 0.0
Epoch 22 | Iteration 2500 | Loss 428.1449279785156 | APR 0.8871751928209402 | AUCROC 0.959528749966832 | LR 0.001
Sample logits: 122.87313842773438, 0.0
Epoch 22 | Iteration 3000 | Loss 1673.21435546875 | APR 0.7804239980783747 | AUCROC 0.9295607618193099 | LR 0.001
Sample logits: 128.4188690185547, 0.0
Epoch 22 | Iteration 3500 | Loss 903.935546875 | APR 0.8122177034205177 | AUCROC 0.9531152146162919 | LR 0.001
Sample logits: 141.60977172851562, 0.0
Epoch 22 | Iteration 4000 | Loss 344.0808410644531 | APR 0.8215817621071461 | AUCROC 0.9239724840565324 | LR 0.001
Sample logits: 109.67747497558594, 0.0
Epoch 22 | Iteration 4500 | Loss 345.2712097167969 | APR 0.779684650557585 | AUCROC 0.9049601616643337 | LR 0.001
Sample logits: 128.11671447753906, 0.0
Epoch 22 | Iteration 5000 | Loss 4314.9990234375 | APR 0.689439175237724 | AUCROC 0.9444742126386321 | LR 0.001
Sample logits: 110.950927734375, 0.0
Epoch 22 | Iteration 5500 | Loss 3179.81982421875 | APR 0.8476299105241948 | AUCROC 0.9384169528780641 | LR 0.001
Sample logits: 104.3440933227539, 0.0
Train loss:      1440.0657640536829
Train apr:  0.8002011070788828
Train aucroc:  0.9320943377842029
Test Sample logits: 125.27658081054688, 0.0
Test Sample logits: 114.58345031738281, 0.0
Test Sample logits: 138.94149780273438, 0.0
Test Sample logits: 144.8558349609375, 0.0
Test Sample logits: 143.7252197265625, 0.0
Test loss:      1487.9912527670929
Test apr:  0.7937828261896402
Test aucroc:  0.931629500876801
Epoch 23 | Iteration 0 | Loss 291.0850524902344 | APR 0.7465042370804218 | AUCROC 0.9030646979003614 | LR 0.001
Sample logits: 113.68042755126953, 0.0
Epoch 23 | Iteration 500 | Loss 3495.515380859375 | APR 0.7859003493893179 | AUCROC 0.9138622675347625 | LR 0.001
Sample logits: 105.30872344970703, 0.0
Epoch 23 | Iteration 1000 | Loss 1656.801513671875 | APR 0.8704090845056293 | AUCROC 0.9596401687626571 | LR 0.001
Sample logits: 127.02539825439453, 0.0
Epoch 23 | Iteration 1500 | Loss 482.21929931640625 | APR 0.830562008228602 | AUCROC 0.9461144768269528 | LR 0.001
Sample logits: 125.77835845947266, 0.0
Epoch 23 | Iteration 2000 | Loss 581.889404296875 | APR 0.8689170035604707 | AUCROC 0.9640338162962873 | LR 0.001
Sample logits: 113.14984893798828, 0.0
Epoch 23 | Iteration 2500 | Loss 425.33819580078125 | APR 0.8905517527512452 | AUCROC 0.9605486486872643 | LR 0.001
Sample logits: 129.18736267089844, 0.0
Epoch 23 | Iteration 3000 | Loss 1671.5166015625 | APR 0.7806561715771353 | AUCROC 0.9308589034837321 | LR 0.001
Sample logits: 125.57512664794922, 0.0
Epoch 23 | Iteration 3500 | Loss 901.6766967773438 | APR 0.8162965695136294 | AUCROC 0.9534294691375521 | LR 0.001
Sample logits: 156.70547485351562, 0.0
Epoch 23 | Iteration 4000 | Loss 341.9580993652344 | APR 0.8259610979479406 | AUCROC 0.9266899728579029 | LR 0.001
Sample logits: 110.3330078125, 0.0
Epoch 23 | Iteration 4500 | Loss 345.4137878417969 | APR 0.7809616721915816 | AUCROC 0.905791403579877 | LR 0.001
Sample logits: 116.57125854492188, 0.0
Epoch 23 | Iteration 5000 | Loss 4330.90771484375 | APR 0.683253224478908 | AUCROC 0.944760884138104 | LR 0.001
Sample logits: 111.34912109375, 0.0
Epoch 23 | Iteration 5500 | Loss 3172.577880859375 | APR 0.8459727185152874 | AUCROC 0.9385352702996239 | LR 0.001
Sample logits: 105.59102630615234, 0.0
Train loss:      1439.5499061633254
Train apr:  0.8003368143913464
Train aucroc:  0.9319679822287014
Test Sample logits: 122.11542510986328, 0.0
Test Sample logits: 111.92517852783203, 0.0
Test Sample logits: 121.3558120727539, 0.0
Test Sample logits: 134.36898803710938, 0.0
Test Sample logits: 140.74124145507812, 0.0
Test loss:      1488.1857337485505
Test apr:  0.793794555348661
Test aucroc:  0.9306358219696739
Epoch 24 | Iteration 0 | Loss 286.3895568847656 | APR 0.7497200291339816 | AUCROC 0.9002471873613175 | LR 0.001
Sample logits: 111.71880340576172, 0.0
Epoch 24 | Iteration 500 | Loss 3494.55322265625 | APR 0.7827188828808068 | AUCROC 0.9081738350197738 | LR 0.001
Sample logits: 106.42281341552734, 0.0
Epoch 24 | Iteration 1000 | Loss 1657.5194091796875 | APR 0.8701073963025695 | AUCROC 0.9586456013928568 | LR 0.001
Sample logits: 132.456298828125, 0.0
Epoch 24 | Iteration 1500 | Loss 482.5653381347656 | APR 0.830655209877385 | AUCROC 0.9452512980788438 | LR 0.001
Sample logits: 132.70870971679688, 0.0
Epoch 24 | Iteration 2000 | Loss 582.2007446289062 | APR 0.8696032670391334 | AUCROC 0.9632130229731871 | LR 0.001
Sample logits: 116.38004302978516, 0.0
Epoch 24 | Iteration 2500 | Loss 429.62176513671875 | APR 0.8869720830296732 | AUCROC 0.9583249069766967 | LR 0.001
Sample logits: 118.9704360961914, 0.0
Epoch 24 | Iteration 3000 | Loss 1674.5860595703125 | APR 0.7789026578751416 | AUCROC 0.9282622450518279 | LR 0.001
Sample logits: 128.09759521484375, 0.0
Epoch 24 | Iteration 3500 | Loss 903.9195556640625 | APR 0.8100047565835193 | AUCROC 0.9512598178409852 | LR 0.001
Sample logits: 144.4537353515625, 0.0
Epoch 24 | Iteration 4000 | Loss 341.5205993652344 | APR 0.822990773652233 | AUCROC 0.9212432904978427 | LR 0.001
Sample logits: 115.82545471191406, 0.0
Epoch 24 | Iteration 4500 | Loss 350.1189880371094 | APR 0.7774876641450644 | AUCROC 0.9051257170418964 | LR 0.001
Sample logits: 114.0703353881836, 0.0
Epoch 24 | Iteration 5000 | Loss 4316.71484375 | APR 0.6828478880620322 | AUCROC 0.9407288359191873 | LR 0.001
Sample logits: 112.2264175415039, 0.0
Epoch 24 | Iteration 5500 | Loss 3172.35498046875 | APR 0.850128138916507 | AUCROC 0.939628626076779 | LR 0.001
Sample logits: 108.00646209716797, 0.0
Train loss:      1439.5597661306995
Train apr:  0.8003543772832005
Train aucroc:  0.9318338937434943
Test Sample logits: 122.2845230102539, 0.0
Test Sample logits: 108.66879272460938, 0.0
Test Sample logits: 135.5684356689453, 0.0
Test Sample logits: 150.54188537597656, 0.0
Test Sample logits: 137.46995544433594, 0.0
Test loss:      1488.621964650824
Test apr:  0.7925635873631744
Test aucroc:  0.9298573217776708
Epoch 25 | Iteration 0 | Loss 287.8216247558594 | APR 0.7508172706457127 | AUCROC 0.9042097470170327 | LR 0.001
Sample logits: 113.47183990478516, 0.0
Epoch 25 | Iteration 500 | Loss 3501.356689453125 | APR 0.787045000303605 | AUCROC 0.9175930001078432 | LR 0.001
Sample logits: 113.58656311035156, 0.0
Epoch 25 | Iteration 1000 | Loss 1658.9132080078125 | APR 0.8707684658759178 | AUCROC 0.9601716396686713 | LR 0.001
Sample logits: 132.77247619628906, 0.0
Epoch 25 | Iteration 1500 | Loss 481.9248046875 | APR 0.8310119266548784 | AUCROC 0.945869179819196 | LR 0.001
Sample logits: 125.95372009277344, 0.0
Epoch 25 | Iteration 2000 | Loss 580.4105224609375 | APR 0.8688657031500815 | AUCROC 0.9664896000645936 | LR 0.001
Sample logits: 118.55411529541016, 0.0
Epoch 25 | Iteration 2500 | Loss 423.426513671875 | APR 0.8944325016630164 | AUCROC 0.9623519638479704 | LR 0.001
Sample logits: 126.32571411132812, 0.0
Epoch 25 | Iteration 3000 | Loss 1676.6090087890625 | APR 0.7725865124174496 | AUCROC 0.9292328467246377 | LR 0.001
Sample logits: 124.33170318603516, 0.0
Epoch 25 | Iteration 3500 | Loss 903.2894287109375 | APR 0.8094575606957185 | AUCROC 0.94991611582284 | LR 0.001
Sample logits: 144.6276092529297, 0.0
Epoch 25 | Iteration 4000 | Loss 339.6940612792969 | APR 0.8252456059296134 | AUCROC 0.9240340810771482 | LR 0.001
Sample logits: 112.46356201171875, 0.0
Epoch 25 | Iteration 4500 | Loss 345.4418029785156 | APR 0.778919366092184 | AUCROC 0.9045592761929107 | LR 0.001
Sample logits: 113.49308776855469, 0.0
Epoch 25 | Iteration 5000 | Loss 4311.326171875 | APR 0.6950068086006171 | AUCROC 0.9422885240327221 | LR 0.001
Sample logits: 110.3438491821289, 0.0
Epoch 25 | Iteration 5500 | Loss 3174.250732421875 | APR 0.8531404569325413 | AUCROC 0.9396519088131533 | LR 0.001
Sample logits: 102.53801727294922, 0.0
Train loss:      1439.219959498712
Train apr:  0.8007131658697756
Train aucroc:  0.9318518295337919
Test Sample logits: 125.52132415771484, 0.0
Test Sample logits: 109.5743637084961, 0.0
Test Sample logits: 132.71026611328125, 0.0
Test Sample logits: 149.5822296142578, 0.0
Test Sample logits: 137.00645446777344, 0.0
Test loss:      1488.6061853925469
Test apr:  0.7951521594800152
Test aucroc:  0.9336576636784161
Epoch 26 | Iteration 0 | Loss 286.36370849609375 | APR 0.7521155790961416 | AUCROC 0.903255467476699 | LR 0.001
Sample logits: 112.68623352050781, 0.0
Epoch 26 | Iteration 500 | Loss 3494.3896484375 | APR 0.7841565768071994 | AUCROC 0.9112936845864843 | LR 0.001
Sample logits: 104.25238037109375, 0.0
Epoch 26 | Iteration 1000 | Loss 1646.2470703125 | APR 0.8757287649837241 | AUCROC 0.9627875401286959 | LR 0.001
Sample logits: 132.2270050048828, 0.0
Epoch 26 | Iteration 1500 | Loss 481.9562683105469 | APR 0.8309925586941704 | AUCROC 0.9448721628150055 | LR 0.001
Sample logits: 132.0976104736328, 0.0
Epoch 26 | Iteration 2000 | Loss 581.2583618164062 | APR 0.8659215592719969 | AUCROC 0.9649929879671683 | LR 0.001
Sample logits: 121.36913299560547, 0.0
Epoch 26 | Iteration 2500 | Loss 427.4321594238281 | APR 0.8896711351319647 | AUCROC 0.9608329744392577 | LR 0.001
Sample logits: 128.3489990234375, 0.0
Epoch 26 | Iteration 3000 | Loss 1670.3543701171875 | APR 0.7825400650390785 | AUCROC 0.933725065961873 | LR 0.001
Sample logits: 123.28760528564453, 0.0
Epoch 26 | Iteration 3500 | Loss 902.9569091796875 | APR 0.8113755887767953 | AUCROC 0.9507769955670035 | LR 0.001
Sample logits: 149.37680053710938, 0.0
Epoch 26 | Iteration 4000 | Loss 336.5156555175781 | APR 0.8293150330407391 | AUCROC 0.9265807921756226 | LR 0.001
Sample logits: 112.8763656616211, 0.0
Epoch 26 | Iteration 4500 | Loss 347.5090026855469 | APR 0.7791151059384391 | AUCROC 0.9058093123021469 | LR 0.001
Sample logits: 132.3925323486328, 0.0
Epoch 26 | Iteration 5000 | Loss 4312.669921875 | APR 0.6981932940631903 | AUCROC 0.9440100845968289 | LR 0.001
Sample logits: 110.96874237060547, 0.0
Epoch 26 | Iteration 5500 | Loss 3172.5927734375 | APR 0.8497919809174934 | AUCROC 0.9375278302945523 | LR 0.001
Sample logits: 103.2607421875, 0.0
Train loss:      1438.878167560379
Train apr:  0.8008918038416822
Train aucroc:  0.9317967988902722
Test Sample logits: 119.0499267578125, 0.0
Test Sample logits: 105.13831329345703, 0.0
Test Sample logits: 132.58984375, 0.0
Test Sample logits: 136.48480224609375, 0.0
Test Sample logits: 138.79415893554688, 0.0
Test loss:      1488.443456467203
Test apr:  0.7930440004461715
Test aucroc:  0.9299814863219802
Epoch 27 | Iteration 0 | Loss 289.19610595703125 | APR 0.7460126596153847 | AUCROC 0.8994624083986018 | LR 0.001
Sample logits: 110.20963287353516, 0.0
Epoch 27 | Iteration 500 | Loss 3491.433837890625 | APR 0.7896104613385343 | AUCROC 0.9113948911961683 | LR 0.001
Sample logits: 106.65943908691406, 0.0
Epoch 27 | Iteration 1000 | Loss 1655.83203125 | APR 0.8750974817387789 | AUCROC 0.9602226727668559 | LR 0.001
Sample logits: 135.7318878173828, 0.0
Epoch 27 | Iteration 1500 | Loss 481.9195251464844 | APR 0.8325943919183917 | AUCROC 0.9452393138863663 | LR 0.001
Sample logits: 131.3291015625, 0.0
Epoch 27 | Iteration 2000 | Loss 581.2966918945312 | APR 0.8652182865869875 | AUCROC 0.9656152649128963 | LR 0.001
Sample logits: 114.14225006103516, 0.0
Epoch 27 | Iteration 2500 | Loss 433.1714782714844 | APR 0.8831496730090902 | AUCROC 0.9571244930408569 | LR 0.001
Sample logits: 130.50535583496094, 0.0
Epoch 27 | Iteration 3000 | Loss 1674.3941650390625 | APR 0.7776468495006662 | AUCROC 0.9303734300999197 | LR 0.001
Sample logits: 129.75271606445312, 0.0
Epoch 27 | Iteration 3500 | Loss 901.8273315429688 | APR 0.8116327198400309 | AUCROC 0.9475278771975983 | LR 0.001
Sample logits: 151.12318420410156, 0.0
