torch.Size([1, 1, 383, 383])
torch.Size([1, 1, 109, 109])
torch.Size([1, 1, 342, 342])
Epoch - 0 | Iteration - 0 | D_loss: [  1.04736537e-05] | G_loss: [-0.00029514]
torch.Size([1, 1, 125, 125])
torch.Size([1, 1, 140, 140])
torch.Size([1, 1, 144, 144])
torch.Size([1, 1, 205, 205])
torch.Size([1, 1, 139, 139])
torch.Size([1, 1, 219, 219])
torch.Size([1, 1, 348, 348])
torch.Size([1, 1, 99, 99])
torch.Size([1, 1, 67, 67])
torch.Size([1, 1, 112, 112])
torch.Size([1, 1, 94, 94])
torch.Size([1, 1, 59, 59])
torch.Size([1, 1, 130, 130])
torch.Size([1, 1, 40, 40])
torch.Size([1, 1, 215, 215])
torch.Size([1, 1, 106, 106])
torch.Size([1, 1, 162, 162])
torch.Size([1, 1, 203, 203])
torch.Size([1, 1, 327, 327])
torch.Size([1, 1, 627, 627])
torch.Size([1, 1, 30, 30])
torch.Size([1, 1, 129, 129])
torch.Size([1, 1, 111, 111])
torch.Size([1, 1, 55, 55])
torch.Size([1, 1, 175, 175])
torch.Size([1, 1, 473, 473])
torch.Size([1, 1, 74, 74])
torch.Size([1, 1, 499, 499])
torch.Size([1, 1, 41, 41])
torch.Size([1, 1, 113, 113])
torch.Size([1, 1, 297, 297])
torch.Size([1, 1, 211, 211])
torch.Size([1, 1, 35, 35])
torch.Size([1, 1, 119, 119])
torch.Size([1, 1, 407, 407])
torch.Size([1, 1, 72, 72])
torch.Size([1, 1, 316, 316])
torch.Size([1, 1, 117, 117])
torch.Size([1, 1, 167, 167])
torch.Size([1, 1, 146, 146])
torch.Size([1, 1, 210, 210])
torch.Size([1, 1, 140, 140])
torch.Size([1, 1, 154, 154])
torch.Size([1, 1, 258, 258])
torch.Size([1, 1, 556, 556])
torch.Size([1, 1, 64, 64])
torch.Size([1, 1, 176, 176])
torch.Size([1, 1, 487, 487])
torch.Size([1, 1, 109, 109])
torch.Size([1, 1, 152, 152])
torch.Size([1, 1, 255, 255])
torch.Size([1, 1, 97, 97])
torch.Size([1, 1, 78, 78])
torch.Size([1, 1, 31, 31])
torch.Size([1, 1, 334, 334])
torch.Size([1, 1, 187, 187])
torch.Size([1, 1, 174, 174])
torch.Size([1, 1, 48, 48])
torch.Size([1, 1, 296, 296])
torch.Size([1, 1, 528, 528])
torch.Size([1, 1, 199, 199])
torch.Size([1, 1, 265, 265])
torch.Size([1, 1, 117, 117])
torch.Size([1, 1, 289, 289])
torch.Size([1, 1, 524, 524])
torch.Size([1, 1, 139, 139])
torch.Size([1, 1, 100, 100])
torch.Size([1, 1, 157, 157])
torch.Size([1, 1, 82, 82])
torch.Size([1, 1, 168, 168])
torch.Size([1, 1, 296, 296])
torch.Size([1, 1, 141, 141])
torch.Size([1, 1, 63, 63])
torch.Size([1, 1, 508, 508])
torch.Size([1, 1, 232, 232])
torch.Size([1, 1, 210, 210])
torch.Size([1, 1, 286, 286])
torch.Size([1, 1, 320, 320])
torch.Size([1, 1, 109, 109])
torch.Size([1, 1, 90, 90])
torch.Size([1, 1, 469, 469])
torch.Size([1, 1, 196, 196])
torch.Size([1, 1, 181, 181])
torch.Size([1, 1, 143, 143])
torch.Size([1, 1, 198, 198])
torch.Size([1, 1, 129, 129])
torch.Size([1, 1, 76, 76])
torch.Size([1, 1, 100, 100])
torch.Size([1, 1, 128, 128])
torch.Size([1, 1, 156, 156])
torch.Size([1, 1, 155, 155])
torch.Size([1, 1, 31, 31])
torch.Size([1, 1, 311, 311])
torch.Size([1, 1, 198, 198])
torch.Size([1, 1, 351, 351])
torch.Size([1, 1, 393, 393])
torch.Size([1, 1, 333, 333])
torch.Size([1, 1, 486, 486])
torch.Size([1, 1, 288, 288])
torch.Size([1, 1, 124, 124])
torch.Size([1, 1, 27, 27])
torch.Size([1, 1, 99, 99])
torch.Size([1, 1, 351, 351])
torch.Size([1, 1, 378, 378])
torch.Size([1, 1, 79, 79])
torch.Size([1, 1, 143, 143])
torch.Size([1, 1, 175, 175])
torch.Size([1, 1, 684, 684])
torch.Size([1, 1, 272, 272])
torch.Size([1, 1, 345, 345])
torch.Size([1, 1, 341, 341])
torch.Size([1, 1, 368, 368])
torch.Size([1, 1, 203, 203])
torch.Size([1, 1, 111, 111])
torch.Size([1, 1, 114, 114])
torch.Size([1, 1, 133, 133])
torch.Size([1, 1, 288, 288])
torch.Size([1, 1, 220, 220])
torch.Size([1, 1, 278, 278])
torch.Size([1, 1, 106, 106])
torch.Size([1, 1, 201, 201])
torch.Size([1, 1, 533, 533])
torch.Size([1, 1, 48, 48])
torch.Size([1, 1, 217, 217])
torch.Size([1, 1, 458, 458])
torch.Size([1, 1, 223, 223])
torch.Size([1, 1, 333, 333])
torch.Size([1, 1, 163, 163])
torch.Size([1, 1, 210, 210])
torch.Size([1, 1, 107, 107])
torch.Size([1, 1, 159, 159])
torch.Size([1, 1, 65, 65])
torch.Size([1, 1, 385, 385])
torch.Size([1, 1, 171, 171])
torch.Size([1, 1, 30, 30])
torch.Size([1, 1, 344, 344])
torch.Size([1, 1, 237, 237])
torch.Size([1, 1, 351, 351])
torch.Size([1, 1, 330, 330])
torch.Size([1, 1, 79, 79])
torch.Size([1, 1, 118, 118])
torch.Size([1, 1, 129, 129])
torch.Size([1, 1, 260, 260])
torch.Size([1, 1, 195, 195])
torch.Size([1, 1, 108, 108])
torch.Size([1, 1, 194, 194])
torch.Size([1, 1, 111, 111])
torch.Size([1, 1, 87, 87])
torch.Size([1, 1, 232, 232])
torch.Size([1, 1, 108, 108])
torch.Size([1, 1, 384, 384])
torch.Size([1, 1, 390, 390])
torch.Size([1, 1, 279, 279])
torch.Size([1, 1, 104, 104])
torch.Size([1, 1, 61, 61])
torch.Size([1, 1, 75, 75])
torch.Size([1, 1, 431, 431])
torch.Size([1, 1, 288, 288])
torch.Size([1, 1, 81, 81])
torch.Size([1, 1, 128, 128])
torch.Size([1, 1, 695, 695])
torch.Size([1, 1, 106, 106])
torch.Size([1, 1, 308, 308])
torch.Size([1, 1, 305, 305])
torch.Size([1, 1, 434, 434])
torch.Size([1, 1, 298, 298])
torch.Size([1, 1, 65, 65])
torch.Size([1, 1, 405, 405])
torch.Size([1, 1, 111, 111])
torch.Size([1, 1, 153, 153])
torch.Size([1, 1, 79, 79])
torch.Size([1, 1, 511, 511])
torch.Size([1, 1, 176, 176])
torch.Size([1, 1, 246, 246])
torch.Size([1, 1, 239, 239])
torch.Size([1, 1, 445, 445])
torch.Size([1, 1, 571, 571])
torch.Size([1, 1, 327, 327])
torch.Size([1, 1, 144, 144])
torch.Size([1, 1, 437, 437])
torch.Size([1, 1, 116, 116])
torch.Size([1, 1, 420, 420])
torch.Size([1, 1, 159, 159])
torch.Size([1, 1, 125, 125])
torch.Size([1, 1, 323, 323])
torch.Size([1, 1, 116, 116])
torch.Size([1, 1, 290, 290])
torch.Size([1, 1, 358, 358])
torch.Size([1, 1, 391, 391])
torch.Size([1, 1, 138, 138])
torch.Size([1, 1, 260, 260])
torch.Size([1, 1, 343, 343])
torch.Size([1, 1, 146, 146])
torch.Size([1, 1, 288, 288])
torch.Size([1, 1, 158, 158])
torch.Size([1, 1, 111, 111])
torch.Size([1, 1, 269, 269])
torch.Size([1, 1, 251, 251])
torch.Size([1, 1, 156, 156])
torch.Size([1, 1, 207, 207])
torch.Size([1, 1, 165, 165])
torch.Size([1, 1, 402, 402])
torch.Size([1, 1, 392, 392])
torch.Size([1, 1, 80, 80])
torch.Size([1, 1, 47, 47])
torch.Size([1, 1, 248, 248])
torch.Size([1, 1, 125, 125])
torch.Size([1, 1, 412, 412])
torch.Size([1, 1, 354, 354])
torch.Size([1, 1, 218, 218])
torch.Size([1, 1, 130, 130])
torch.Size([1, 1, 144, 144])
torch.Size([1, 1, 283, 283])
torch.Size([1, 1, 239, 239])
torch.Size([1, 1, 348, 348])
torch.Size([1, 1, 62, 62])
torch.Size([1, 1, 80, 80])
torch.Size([1, 1, 39, 39])
torch.Size([1, 1, 298, 298])
torch.Size([1, 1, 411, 411])
torch.Size([1, 1, 276, 276])
torch.Size([1, 1, 503, 503])
torch.Size([1, 1, 235, 235])
torch.Size([1, 1, 231, 231])
torch.Size([1, 1, 294, 294])
torch.Size([1, 1, 91, 91])
torch.Size([1, 1, 55, 55])
torch.Size([1, 1, 390, 390])
torch.Size([1, 1, 237, 237])
torch.Size([1, 1, 159, 159])
torch.Size([1, 1, 391, 391])
torch.Size([1, 1, 153, 153])
torch.Size([1, 1, 347, 347])
torch.Size([1, 1, 163, 163])
torch.Size([1, 1, 143, 143])
torch.Size([1, 1, 31, 31])
torch.Size([1, 1, 362, 362])
torch.Size([1, 1, 134, 134])
torch.Size([1, 1, 223, 223])
torch.Size([1, 1, 92, 92])
torch.Size([1, 1, 52, 52])
torch.Size([1, 1, 248, 248])
torch.Size([1, 1, 70, 70])
torch.Size([1, 1, 167, 167])
torch.Size([1, 1, 198, 198])
torch.Size([1, 1, 303, 303])
torch.Size([1, 1, 369, 369])
torch.Size([1, 1, 260, 260])
torch.Size([1, 1, 75, 75])
torch.Size([1, 1, 540, 540])
torch.Size([1, 1, 127, 127])
torch.Size([1, 1, 370, 370])
torch.Size([1, 1, 348, 348])
torch.Size([1, 1, 151, 151])
torch.Size([1, 1, 262, 262])
torch.Size([1, 1, 151, 151])
torch.Size([1, 1, 248, 248])
torch.Size([1, 1, 164, 164])
torch.Size([1, 1, 437, 437])
torch.Size([1, 1, 344, 344])
torch.Size([1, 1, 161, 161])
torch.Size([1, 1, 63, 63])
torch.Size([1, 1, 330, 330])
torch.Size([1, 1, 108, 108])
torch.Size([1, 1, 52, 52])
torch.Size([1, 1, 107, 107])
torch.Size([1, 1, 205, 205])
torch.Size([1, 1, 282, 282])
torch.Size([1, 1, 130, 130])
torch.Size([1, 1, 99, 99])
torch.Size([1, 1, 72, 72])
torch.Size([1, 1, 320, 320])
torch.Size([1, 1, 58, 58])
torch.Size([1, 1, 216, 216])
torch.Size([1, 1, 151, 151])
torch.Size([1, 1, 27, 27])
torch.Size([1, 1, 187, 187])
torch.Size([1, 1, 216, 216])
torch.Size([1, 1, 286, 286])
torch.Size([1, 1, 146, 146])
torch.Size([1, 1, 102, 102])
torch.Size([1, 1, 316, 316])
torch.Size([1, 1, 120, 120])
torch.Size([1, 1, 139, 139])
torch.Size([1, 1, 533, 533])
torch.Size([1, 1, 373, 373])
torch.Size([1, 1, 174, 174])
torch.Size([1, 1, 241, 241])
torch.Size([1, 1, 205, 205])
torch.Size([1, 1, 441, 441])
torch.Size([1, 1, 56, 56])
torch.Size([1, 1, 93, 93])
torch.Size([1, 1, 141, 141])
torch.Size([1, 1, 188, 188])
torch.Size([1, 1, 41, 41])
torch.Size([1, 1, 107, 107])
torch.Size([1, 1, 47, 47])
torch.Size([1, 1, 255, 255])
torch.Size([1, 1, 381, 381])
torch.Size([1, 1, 111, 111])
torch.Size([1, 1, 505, 505])
torch.Size([1, 1, 216, 216])
torch.Size([1, 1, 157, 157])
torch.Size([1, 1, 482, 482])
torch.Size([1, 1, 65, 65])
torch.Size([1, 1, 110, 110])
torch.Size([1, 1, 131, 131])
torch.Size([1, 1, 99, 99])
Epoch - 0 | Iteration - 100 | D_loss: [ -5.64521179e-06] | G_loss: [-0.0002814]
torch.Size([1, 1, 278, 278])
torch.Size([1, 1, 162, 162])
torch.Size([1, 1, 192, 192])
torch.Size([1, 1, 221, 221])
torch.Size([1, 1, 121, 121])
torch.Size([1, 1, 162, 162])
torch.Size([1, 1, 260, 260])
torch.Size([1, 1, 348, 348])
torch.Size([1, 1, 398, 398])
torch.Size([1, 1, 234, 234])
torch.Size([1, 1, 132, 132])
torch.Size([1, 1, 609, 609])
torch.Size([1, 1, 257, 257])
torch.Size([1, 1, 119, 119])
torch.Size([1, 1, 170, 170])
torch.Size([1, 1, 104, 104])
torch.Size([1, 1, 183, 183])
torch.Size([1, 1, 91, 91])
torch.Size([1, 1, 184, 184])
torch.Size([1, 1, 245, 245])
torch.Size([1, 1, 52, 52])
torch.Size([1, 1, 342, 342])
torch.Size([1, 1, 348, 348])
torch.Size([1, 1, 258, 258])
torch.Size([1, 1, 262, 262])
torch.Size([1, 1, 216, 216])
torch.Size([1, 1, 139, 139])
torch.Size([1, 1, 298, 298])
torch.Size([1, 1, 472, 472])
torch.Size([1, 1, 339, 339])
torch.Size([1, 1, 278, 278])
torch.Size([1, 1, 286, 286])
torch.Size([1, 1, 52, 52])
torch.Size([1, 1, 329, 329])
torch.Size([1, 1, 367, 367])
torch.Size([1, 1, 122, 122])
torch.Size([1, 1, 251, 251])
torch.Size([1, 1, 388, 388])
torch.Size([1, 1, 113, 113])
torch.Size([1, 1, 325, 325])
torch.Size([1, 1, 163, 163])
torch.Size([1, 1, 135, 135])
torch.Size([1, 1, 171, 171])
torch.Size([1, 1, 451, 451])
torch.Size([1, 1, 230, 230])
torch.Size([1, 1, 214, 214])
torch.Size([1, 1, 575, 575])
torch.Size([1, 1, 121, 121])
torch.Size([1, 1, 356, 356])
torch.Size([1, 1, 392, 392])
torch.Size([1, 1, 101, 101])
torch.Size([1, 1, 57, 57])
torch.Size([1, 1, 137, 137])
torch.Size([1, 1, 347, 347])
torch.Size([1, 1, 444, 444])
torch.Size([1, 1, 255, 255])
torch.Size([1, 1, 214, 214])
torch.Size([1, 1, 274, 274])
torch.Size([1, 1, 86, 86])
torch.Size([1, 1, 246, 246])
torch.Size([1, 1, 86, 86])
torch.Size([1, 1, 162, 162])
torch.Size([1, 1, 167, 167])
torch.Size([1, 1, 42, 42])
torch.Size([1, 1, 118, 118])
torch.Size([1, 1, 154, 154])
torch.Size([1, 1, 152, 152])
torch.Size([1, 1, 249, 249])
torch.Size([1, 1, 425, 425])
torch.Size([1, 1, 418, 418])
torch.Size([1, 1, 368, 368])
torch.Size([1, 1, 295, 295])
torch.Size([1, 1, 166, 166])
torch.Size([1, 1, 109, 109])
torch.Size([1, 1, 131, 131])
torch.Size([1, 1, 27, 27])
torch.Size([1, 1, 305, 305])
torch.Size([1, 1, 170, 170])
torch.Size([1, 1, 217, 217])
torch.Size([1, 1, 143, 143])
torch.Size([1, 1, 145, 145])
torch.Size([1, 1, 147, 147])
torch.Size([1, 1, 249, 249])
torch.Size([1, 1, 95, 95])
torch.Size([1, 1, 307, 307])
torch.Size([1, 1, 270, 270])
torch.Size([1, 1, 94, 94])
torch.Size([1, 1, 418, 418])
torch.Size([1, 1, 153, 153])
torch.Size([1, 1, 174, 174])
torch.Size([1, 1, 106, 106])
torch.Size([1, 1, 388, 388])
torch.Size([1, 1, 165, 165])
torch.Size([1, 1, 133, 133])
torch.Size([1, 1, 167, 167])
torch.Size([1, 1, 86, 86])
torch.Size([1, 1, 150, 150])
torch.Size([1, 1, 341, 341])
torch.Size([1, 1, 199, 199])
torch.Size([1, 1, 103, 103])
torch.Size([1, 1, 246, 246])
torch.Size([1, 1, 173, 173])
torch.Size([1, 1, 352, 352])
torch.Size([1, 1, 290, 290])
torch.Size([1, 1, 221, 221])
torch.Size([1, 1, 176, 176])
torch.Size([1, 1, 345, 345])
torch.Size([1, 1, 345, 345])
torch.Size([1, 1, 62, 62])
torch.Size([1, 1, 165, 165])
torch.Size([1, 1, 446, 446])
torch.Size([1, 1, 26, 26])
torch.Size([1, 1, 95, 95])
torch.Size([1, 1, 393, 393])
torch.Size([1, 1, 123, 123])
torch.Size([1, 1, 171, 171])
torch.Size([1, 1, 619, 619])
torch.Size([1, 1, 135, 135])
torch.Size([1, 1, 30, 30])
torch.Size([1, 1, 96, 96])
torch.Size([1, 1, 332, 332])
torch.Size([1, 1, 240, 240])
torch.Size([1, 1, 200, 200])
torch.Size([1, 1, 357, 357])
torch.Size([1, 1, 299, 299])
torch.Size([1, 1, 462, 462])
torch.Size([1, 1, 151, 151])
torch.Size([1, 1, 211, 211])
torch.Size([1, 1, 97, 97])
torch.Size([1, 1, 326, 326])
torch.Size([1, 1, 151, 151])
torch.Size([1, 1, 280, 280])
torch.Size([1, 1, 219, 219])
torch.Size([1, 1, 491, 491])
torch.Size([1, 1, 39, 39])
torch.Size([1, 1, 307, 307])
torch.Size([1, 1, 336, 336])
torch.Size([1, 1, 197, 197])
torch.Size([1, 1, 453, 453])
torch.Size([1, 1, 124, 124])
torch.Size([1, 1, 304, 304])
torch.Size([1, 1, 130, 130])
torch.Size([1, 1, 346, 346])
torch.Size([1, 1, 109, 109])
torch.Size([1, 1, 266, 266])
torch.Size([1, 1, 477, 477])
torch.Size([1, 1, 438, 438])
torch.Size([1, 1, 35, 35])
torch.Size([1, 1, 88, 88])
torch.Size([1, 1, 107, 107])
torch.Size([1, 1, 114, 114])
torch.Size([1, 1, 129, 129])
torch.Size([1, 1, 89, 89])
torch.Size([1, 1, 109, 109])
torch.Size([1, 1, 247, 247])
torch.Size([1, 1, 140, 140])
torch.Size([1, 1, 219, 219])
torch.Size([1, 1, 114, 114])
torch.Size([1, 1, 157, 157])
torch.Size([1, 1, 508, 508])
torch.Size([1, 1, 186, 186])
torch.Size([1, 1, 90, 90])
torch.Size([1, 1, 96, 96])
torch.Size([1, 1, 320, 320])
torch.Size([1, 1, 209, 209])
torch.Size([1, 1, 163, 163])
torch.Size([1, 1, 71, 71])
torch.Size([1, 1, 413, 413])
torch.Size([1, 1, 169, 169])
torch.Size([1, 1, 79, 79])
torch.Size([1, 1, 243, 243])
torch.Size([1, 1, 85, 85])
torch.Size([1, 1, 304, 304])
torch.Size([1, 1, 470, 470])
torch.Size([1, 1, 107, 107])
torch.Size([1, 1, 55, 55])
torch.Size([1, 1, 62, 62])
torch.Size([1, 1, 51, 51])
torch.Size([1, 1, 254, 254])
torch.Size([1, 1, 419, 419])
torch.Size([1, 1, 138, 138])
torch.Size([1, 1, 178, 178])
torch.Size([1, 1, 177, 177])
torch.Size([1, 1, 252, 252])
torch.Size([1, 1, 521, 521])
torch.Size([1, 1, 26, 26])
torch.Size([1, 1, 83, 83])
torch.Size([1, 1, 108, 108])
torch.Size([1, 1, 339, 339])
torch.Size([1, 1, 127, 127])
torch.Size([1, 1, 148, 148])
torch.Size([1, 1, 103, 103])
torch.Size([1, 1, 350, 350])
torch.Size([1, 1, 29, 29])
torch.Size([1, 1, 96, 96])
torch.Size([1, 1, 42, 42])
torch.Size([1, 1, 81, 81])
torch.Size([1, 1, 194, 194])
torch.Size([1, 1, 436, 436])
torch.Size([1, 1, 115, 115])
torch.Size([1, 1, 117, 117])
torch.Size([1, 1, 433, 433])
torch.Size([1, 1, 94, 94])
torch.Size([1, 1, 440, 440])
torch.Size([1, 1, 290, 290])
torch.Size([1, 1, 274, 274])
torch.Size([1, 1, 99, 99])
torch.Size([1, 1, 87, 87])
torch.Size([1, 1, 420, 420])
torch.Size([1, 1, 481, 481])
torch.Size([1, 1, 336, 336])
torch.Size([1, 1, 154, 154])
torch.Size([1, 1, 260, 260])
torch.Size([1, 1, 89, 89])
torch.Size([1, 1, 78, 78])
torch.Size([1, 1, 66, 66])
torch.Size([1, 1, 164, 164])
torch.Size([1, 1, 267, 267])
torch.Size([1, 1, 249, 249])
torch.Size([1, 1, 339, 339])
torch.Size([1, 1, 299, 299])
torch.Size([1, 1, 138, 138])
torch.Size([1, 1, 272, 272])
torch.Size([1, 1, 103, 103])
torch.Size([1, 1, 687, 687])
torch.Size([1, 1, 147, 147])
torch.Size([1, 1, 286, 286])
torch.Size([1, 1, 159, 159])
torch.Size([1, 1, 157, 157])
torch.Size([1, 1, 130, 130])
torch.Size([1, 1, 124, 124])
torch.Size([1, 1, 363, 363])
torch.Size([1, 1, 186, 186])
torch.Size([1, 1, 114, 114])
torch.Size([1, 1, 550, 550])
torch.Size([1, 1, 88, 88])
torch.Size([1, 1, 85, 85])
torch.Size([1, 1, 153, 153])
torch.Size([1, 1, 154, 154])
torch.Size([1, 1, 29, 29])
torch.Size([1, 1, 140, 140])
torch.Size([1, 1, 82, 82])
torch.Size([1, 1, 274, 274])
torch.Size([1, 1, 76, 76])
torch.Size([1, 1, 134, 134])
torch.Size([1, 1, 82, 82])
torch.Size([1, 1, 215, 215])
torch.Size([1, 1, 356, 356])
torch.Size([1, 1, 460, 460])
torch.Size([1, 1, 305, 305])
torch.Size([1, 1, 345, 345])
torch.Size([1, 1, 255, 255])
torch.Size([1, 1, 161, 161])
torch.Size([1, 1, 247, 247])
torch.Size([1, 1, 254, 254])
torch.Size([1, 1, 149, 149])
torch.Size([1, 1, 423, 423])
torch.Size([1, 1, 52, 52])
torch.Size([1, 1, 108, 108])
torch.Size([1, 1, 148, 148])
torch.Size([1, 1, 424, 424])
torch.Size([1, 1, 234, 234])
torch.Size([1, 1, 41, 41])
torch.Size([1, 1, 134, 134])
torch.Size([1, 1, 222, 222])
torch.Size([1, 1, 596, 596])
torch.Size([1, 1, 238, 238])
torch.Size([1, 1, 184, 184])
torch.Size([1, 1, 164, 164])
torch.Size([1, 1, 336, 336])
torch.Size([1, 1, 118, 118])
torch.Size([1, 1, 423, 423])
torch.Size([1, 1, 555, 555])
torch.Size([1, 1, 340, 340])
torch.Size([1, 1, 76, 76])
torch.Size([1, 1, 157, 157])
torch.Size([1, 1, 294, 294])
torch.Size([1, 1, 388, 388])
torch.Size([1, 1, 135, 135])
torch.Size([1, 1, 36, 36])
torch.Size([1, 1, 252, 252])
torch.Size([1, 1, 175, 175])
torch.Size([1, 1, 261, 261])
torch.Size([1, 1, 104, 104])
torch.Size([1, 1, 363, 363])
torch.Size([1, 1, 491, 491])
torch.Size([1, 1, 131, 131])
torch.Size([1, 1, 200, 200])
torch.Size([1, 1, 273, 273])
torch.Size([1, 1, 132, 132])
torch.Size([1, 1, 96, 96])
torch.Size([1, 1, 73, 73])
torch.Size([1, 1, 304, 304])
torch.Size([1, 1, 195, 195])
torch.Size([1, 1, 76, 76])
torch.Size([1, 1, 403, 403])
torch.Size([1, 1, 218, 218])
torch.Size([1, 1, 142, 142])
torch.Size([1, 1, 145, 145])
torch.Size([1, 1, 270, 270])
torch.Size([1, 1, 105, 105])
torch.Size([1, 1, 371, 371])
torch.Size([1, 1, 183, 183])
torch.Size([1, 1, 122, 122])
torch.Size([1, 1, 26, 26])
torch.Size([1, 1, 82, 82])
torch.Size([1, 1, 126, 126])
torch.Size([1, 1, 350, 350])
Epoch - 1 | Iteration - 0 | D_loss: [ -1.00815669e-06] | G_loss: [-0.0002706]
torch.Size([1, 1, 401, 401])
torch.Size([1, 1, 286, 286])
torch.Size([1, 1, 137, 137])
torch.Size([1, 1, 148, 148])
torch.Size([1, 1, 185, 185])
torch.Size([1, 1, 162, 162])
torch.Size([1, 1, 73, 73])
torch.Size([1, 1, 207, 207])
torch.Size([1, 1, 96, 96])
torch.Size([1, 1, 37, 37])
torch.Size([1, 1, 510, 510])
torch.Size([1, 1, 244, 244])
torch.Size([1, 1, 117, 117])
torch.Size([1, 1, 190, 190])
torch.Size([1, 1, 60, 60])
torch.Size([1, 1, 137, 137])
torch.Size([1, 1, 229, 229])
torch.Size([1, 1, 423, 423])
torch.Size([1, 1, 211, 211])
torch.Size([1, 1, 111, 111])
torch.Size([1, 1, 260, 260])
torch.Size([1, 1, 478, 478])
torch.Size([1, 1, 40, 40])
torch.Size([1, 1, 471, 471])
torch.Size([1, 1, 266, 266])
torch.Size([1, 1, 396, 396])
torch.Size([1, 1, 60, 60])
torch.Size([1, 1, 394, 394])
torch.Size([1, 1, 317, 317])
torch.Size([1, 1, 210, 210])
torch.Size([1, 1, 34, 34])
torch.Size([1, 1, 214, 214])
torch.Size([1, 1, 72, 72])
torch.Size([1, 1, 100, 100])
torch.Size([1, 1, 126, 126])
torch.Size([1, 1, 30, 30])
torch.Size([1, 1, 88, 88])
torch.Size([1, 1, 126, 126])
torch.Size([1, 1, 455, 455])
torch.Size([1, 1, 210, 210])
torch.Size([1, 1, 513, 513])
torch.Size([1, 1, 306, 306])
torch.Size([1, 1, 37, 37])
torch.Size([1, 1, 84, 84])
torch.Size([1, 1, 209, 209])
torch.Size([1, 1, 196, 196])
torch.Size([1, 1, 532, 532])
torch.Size([1, 1, 135, 135])
torch.Size([1, 1, 543, 543])
torch.Size([1, 1, 148, 148])
torch.Size([1, 1, 173, 173])
torch.Size([1, 1, 84, 84])
torch.Size([1, 1, 79, 79])
torch.Size([1, 1, 318, 318])
torch.Size([1, 1, 304, 304])
torch.Size([1, 1, 217, 217])
torch.Size([1, 1, 130, 130])
torch.Size([1, 1, 154, 154])
torch.Size([1, 1, 350, 350])
torch.Size([1, 1, 110, 110])
torch.Size([1, 1, 213, 213])
torch.Size([1, 1, 113, 113])
torch.Size([1, 1, 258, 258])
torch.Size([1, 1, 89, 89])
torch.Size([1, 1, 131, 131])
torch.Size([1, 1, 190, 190])
torch.Size([1, 1, 37, 37])
torch.Size([1, 1, 337, 337])
torch.Size([1, 1, 38, 38])
torch.Size([1, 1, 309, 309])
torch.Size([1, 1, 115, 115])
torch.Size([1, 1, 167, 167])
torch.Size([1, 1, 33, 33])
torch.Size([1, 1, 229, 229])
torch.Size([1, 1, 146, 146])
torch.Size([1, 1, 223, 223])
torch.Size([1, 1, 571, 571])
torch.Size([1, 1, 171, 171])
torch.Size([1, 1, 438, 438])
torch.Size([1, 1, 225, 225])
torch.Size([1, 1, 183, 183])
torch.Size([1, 1, 118, 118])
torch.Size([1, 1, 354, 354])
torch.Size([1, 1, 348, 348])
torch.Size([1, 1, 77, 77])
torch.Size([1, 1, 133, 133])
torch.Size([1, 1, 263, 263])
torch.Size([1, 1, 147, 147])
torch.Size([1, 1, 324, 324])
torch.Size([1, 1, 233, 233])
torch.Size([1, 1, 28, 28])
torch.Size([1, 1, 200, 200])
torch.Size([1, 1, 516, 516])
torch.Size([1, 1, 298, 298])
torch.Size([1, 1, 474, 474])
torch.Size([1, 1, 80, 80])
torch.Size([1, 1, 193, 193])
torch.Size([1, 1, 140, 140])
torch.Size([1, 1, 120, 120])
torch.Size([1, 1, 54, 54])
torch.Size([1, 1, 206, 206])
torch.Size([1, 1, 111, 111])
torch.Size([1, 1, 319, 319])
torch.Size([1, 1, 68, 68])
torch.Size([1, 1, 110, 110])
torch.Size([1, 1, 292, 292])
torch.Size([1, 1, 126, 126])
torch.Size([1, 1, 136, 136])
torch.Size([1, 1, 274, 274])
torch.Size([1, 1, 180, 180])
torch.Size([1, 1, 135, 135])
torch.Size([1, 1, 315, 315])
torch.Size([1, 1, 237, 237])
torch.Size([1, 1, 106, 106])
torch.Size([1, 1, 93, 93])
torch.Size([1, 1, 345, 345])
torch.Size([1, 1, 570, 570])
torch.Size([1, 1, 148, 148])
torch.Size([1, 1, 213, 213])
torch.Size([1, 1, 270, 270])
torch.Size([1, 1, 201, 201])
torch.Size([1, 1, 320, 320])
torch.Size([1, 1, 52, 52])
torch.Size([1, 1, 153, 153])
torch.Size([1, 1, 123, 123])
torch.Size([1, 1, 32, 32])
torch.Size([1, 1, 153, 153])
torch.Size([1, 1, 264, 264])
torch.Size([1, 1, 273, 273])
torch.Size([1, 1, 122, 122])
torch.Size([1, 1, 194, 194])
torch.Size([1, 1, 142, 142])
torch.Size([1, 1, 327, 327])
torch.Size([1, 1, 40, 40])
torch.Size([1, 1, 48, 48])
torch.Size([1, 1, 312, 312])
torch.Size([1, 1, 208, 208])
torch.Size([1, 1, 189, 189])
torch.Size([1, 1, 217, 217])
torch.Size([1, 1, 122, 122])
torch.Size([1, 1, 92, 92])
torch.Size([1, 1, 312, 312])
torch.Size([1, 1, 108, 108])
torch.Size([1, 1, 261, 261])
torch.Size([1, 1, 228, 228])
torch.Size([1, 1, 226, 226])
torch.Size([1, 1, 123, 123])
torch.Size([1, 1, 508, 508])
torch.Size([1, 1, 457, 457])
torch.Size([1, 1, 140, 140])
torch.Size([1, 1, 256, 256])
torch.Size([1, 1, 414, 414])
torch.Size([1, 1, 138, 138])
torch.Size([1, 1, 133, 133])
torch.Size([1, 1, 156, 156])
torch.Size([1, 1, 239, 239])
torch.Size([1, 1, 107, 107])
torch.Size([1, 1, 324, 324])
torch.Size([1, 1, 158, 158])
torch.Size([1, 1, 196, 196])
torch.Size([1, 1, 485, 485])
torch.Size([1, 1, 110, 110])
torch.Size([1, 1, 252, 252])
torch.Size([1, 1, 127, 127])
torch.Size([1, 1, 173, 173])
torch.Size([1, 1, 59, 59])
torch.Size([1, 1, 192, 192])
torch.Size([1, 1, 514, 514])
torch.Size([1, 1, 262, 262])
torch.Size([1, 1, 368, 368])
torch.Size([1, 1, 383, 383])
torch.Size([1, 1, 140, 140])
torch.Size([1, 1, 234, 234])
torch.Size([1, 1, 28, 28])
torch.Size([1, 1, 172, 172])
torch.Size([1, 1, 277, 277])
torch.Size([1, 1, 101, 101])
torch.Size([1, 1, 130, 130])
torch.Size([1, 1, 161, 161])
torch.Size([1, 1, 113, 113])
torch.Size([1, 1, 130, 130])
torch.Size([1, 1, 113, 113])
torch.Size([1, 1, 280, 280])
torch.Size([1, 1, 427, 427])
torch.Size([1, 1, 185, 185])
torch.Size([1, 1, 122, 122])
torch.Size([1, 1, 229, 229])
torch.Size([1, 1, 558, 558])
torch.Size([1, 1, 36, 36])
torch.Size([1, 1, 90, 90])
torch.Size([1, 1, 284, 284])
torch.Size([1, 1, 189, 189])
torch.Size([1, 1, 100, 100])
torch.Size([1, 1, 169, 169])
torch.Size([1, 1, 87, 87])
torch.Size([1, 1, 451, 451])
torch.Size([1, 1, 93, 93])
torch.Size([1, 1, 310, 310])
torch.Size([1, 1, 121, 121])
torch.Size([1, 1, 209, 209])
torch.Size([1, 1, 67, 67])
torch.Size([1, 1, 123, 123])
torch.Size([1, 1, 311, 311])
torch.Size([1, 1, 457, 457])
torch.Size([1, 1, 325, 325])
torch.Size([1, 1, 194, 194])
torch.Size([1, 1, 316, 316])
torch.Size([1, 1, 93, 93])
torch.Size([1, 1, 170, 170])
torch.Size([1, 1, 267, 267])
torch.Size([1, 1, 28, 28])
torch.Size([1, 1, 124, 124])
torch.Size([1, 1, 497, 497])
torch.Size([1, 1, 101, 101])
torch.Size([1, 1, 189, 189])
torch.Size([1, 1, 76, 76])
torch.Size([1, 1, 157, 157])
torch.Size([1, 1, 107, 107])
torch.Size([1, 1, 326, 326])
torch.Size([1, 1, 41, 41])
torch.Size([1, 1, 392, 392])
torch.Size([1, 1, 102, 102])
torch.Size([1, 1, 319, 319])
torch.Size([1, 1, 199, 199])
torch.Size([1, 1, 193, 193])
torch.Size([1, 1, 337, 337])
torch.Size([1, 1, 419, 419])
torch.Size([1, 1, 190, 190])
torch.Size([1, 1, 117, 117])
torch.Size([1, 1, 318, 318])
torch.Size([1, 1, 456, 456])
torch.Size([1, 1, 237, 237])
torch.Size([1, 1, 218, 218])
torch.Size([1, 1, 63, 63])
torch.Size([1, 1, 203, 203])
torch.Size([1, 1, 190, 190])
torch.Size([1, 1, 170, 170])
torch.Size([1, 1, 33, 33])
torch.Size([1, 1, 441, 441])
torch.Size([1, 1, 477, 477])
torch.Size([1, 1, 98, 98])
torch.Size([1, 1, 174, 174])
torch.Size([1, 1, 367, 367])
torch.Size([1, 1, 228, 228])
torch.Size([1, 1, 129, 129])
torch.Size([1, 1, 373, 373])
torch.Size([1, 1, 267, 267])
torch.Size([1, 1, 209, 209])
torch.Size([1, 1, 29, 29])
torch.Size([1, 1, 71, 71])
torch.Size([1, 1, 203, 203])
torch.Size([1, 1, 268, 268])
torch.Size([1, 1, 28, 28])
torch.Size([1, 1, 140, 140])
torch.Size([1, 1, 698, 698])
torch.Size([1, 1, 379, 379])
torch.Size([1, 1, 180, 180])
torch.Size([1, 1, 270, 270])
torch.Size([1, 1, 110, 110])
torch.Size([1, 1, 264, 264])
torch.Size([1, 1, 154, 154])
torch.Size([1, 1, 285, 285])
torch.Size([1, 1, 310, 310])
torch.Size([1, 1, 306, 306])
torch.Size([1, 1, 76, 76])
torch.Size([1, 1, 541, 541])
torch.Size([1, 1, 310, 310])
torch.Size([1, 1, 178, 178])
torch.Size([1, 1, 296, 296])
torch.Size([1, 1, 511, 511])
torch.Size([1, 1, 188, 188])
torch.Size([1, 1, 83, 83])
torch.Size([1, 1, 252, 252])
torch.Size([1, 1, 105, 105])
torch.Size([1, 1, 344, 344])
torch.Size([1, 1, 253, 253])
torch.Size([1, 1, 186, 186])
torch.Size([1, 1, 595, 595])
torch.Size([1, 1, 26, 26])
torch.Size([1, 1, 76, 76])
torch.Size([1, 1, 175, 175])
torch.Size([1, 1, 127, 127])
torch.Size([1, 1, 107, 107])
torch.Size([1, 1, 164, 164])
torch.Size([1, 1, 451, 451])
torch.Size([1, 1, 197, 197])
torch.Size([1, 1, 53, 53])
torch.Size([1, 1, 111, 111])
torch.Size([1, 1, 50, 50])
torch.Size([1, 1, 69, 69])
torch.Size([1, 1, 121, 121])
torch.Size([1, 1, 197, 197])
torch.Size([1, 1, 324, 324])
torch.Size([1, 1, 248, 248])
torch.Size([1, 1, 151, 151])
torch.Size([1, 1, 607, 607])
torch.Size([1, 1, 121, 121])
torch.Size([1, 1, 42, 42])
torch.Size([1, 1, 536, 536])
torch.Size([1, 1, 283, 283])
torch.Size([1, 1, 139, 139])
torch.Size([1, 1, 51, 51])
torch.Size([1, 1, 206, 206])
torch.Size([1, 1, 260, 260])
torch.Size([1, 1, 73, 73])
torch.Size([1, 1, 302, 302])
torch.Size([1, 1, 305, 305])
torch.Size([1, 1, 291, 291])
Epoch - 1 | Iteration - 100 | D_loss: [  1.16927549e-05] | G_loss: [-0.00028405]
torch.Size([1, 1, 256, 256])
torch.Size([1, 1, 310, 310])
torch.Size([1, 1, 169, 169])
torch.Size([1, 1, 215, 215])
torch.Size([1, 1, 149, 149])
torch.Size([1, 1, 32, 32])
torch.Size([1, 1, 149, 149])
torch.Size([1, 1, 257, 257])
torch.Size([1, 1, 283, 283])
torch.Size([1, 1, 260, 260])
torch.Size([1, 1, 131, 131])
torch.Size([1, 1, 312, 312])
torch.Size([1, 1, 148, 148])
torch.Size([1, 1, 245, 245])
torch.Size([1, 1, 309, 309])
torch.Size([1, 1, 164, 164])
torch.Size([1, 1, 254, 254])
torch.Size([1, 1, 316, 316])
torch.Size([1, 1, 265, 265])
torch.Size([1, 1, 54, 54])
torch.Size([1, 1, 71, 71])
torch.Size([1, 1, 298, 298])
torch.Size([1, 1, 149, 149])
torch.Size([1, 1, 90, 90])
torch.Size([1, 1, 359, 359])
torch.Size([1, 1, 121, 121])
torch.Size([1, 1, 439, 439])
torch.Size([1, 1, 179, 179])
torch.Size([1, 1, 328, 328])
torch.Size([1, 1, 61, 61])
torch.Size([1, 1, 200, 200])
torch.Size([1, 1, 296, 296])
torch.Size([1, 1, 241, 241])
torch.Size([1, 1, 304, 304])
torch.Size([1, 1, 248, 248])
torch.Size([1, 1, 357, 357])
torch.Size([1, 1, 404, 404])
torch.Size([1, 1, 28, 28])
torch.Size([1, 1, 270, 270])
torch.Size([1, 1, 234, 234])
torch.Size([1, 1, 168, 168])
torch.Size([1, 1, 394, 394])
torch.Size([1, 1, 145, 145])
torch.Size([1, 1, 395, 395])
torch.Size([1, 1, 85, 85])
torch.Size([1, 1, 28, 28])
torch.Size([1, 1, 153, 153])
torch.Size([1, 1, 125, 125])
torch.Size([1, 1, 77, 77])
torch.Size([1, 1, 46, 46])
torch.Size([1, 1, 541, 541])
torch.Size([1, 1, 171, 171])
torch.Size([1, 1, 278, 278])
torch.Size([1, 1, 32, 32])
torch.Size([1, 1, 212, 212])
torch.Size([1, 1, 128, 128])
torch.Size([1, 1, 176, 176])
torch.Size([1, 1, 70, 70])
torch.Size([1, 1, 122, 122])
torch.Size([1, 1, 200, 200])
torch.Size([1, 1, 179, 179])
torch.Size([1, 1, 82, 82])
torch.Size([1, 1, 312, 312])
torch.Size([1, 1, 121, 121])
torch.Size([1, 1, 328, 328])
torch.Size([1, 1, 348, 348])
torch.Size([1, 1, 139, 139])
torch.Size([1, 1, 390, 390])
torch.Size([1, 1, 184, 184])
torch.Size([1, 1, 122, 122])
torch.Size([1, 1, 130, 130])
torch.Size([1, 1, 684, 684])
torch.Size([1, 1, 127, 127])
torch.Size([1, 1, 511, 511])
torch.Size([1, 1, 271, 271])
torch.Size([1, 1, 530, 530])
torch.Size([1, 1, 104, 104])
torch.Size([1, 1, 133, 133])
torch.Size([1, 1, 58, 58])
torch.Size([1, 1, 152, 152])
torch.Size([1, 1, 154, 154])
torch.Size([1, 1, 182, 182])
torch.Size([1, 1, 316, 316])
torch.Size([1, 1, 233, 233])
torch.Size([1, 1, 100, 100])
torch.Size([1, 1, 330, 330])
torch.Size([1, 1, 249, 249])
torch.Size([1, 1, 85, 85])
torch.Size([1, 1, 193, 193])
torch.Size([1, 1, 253, 253])
torch.Size([1, 1, 47, 47])
torch.Size([1, 1, 38, 38])
torch.Size([1, 1, 62, 62])
torch.Size([1, 1, 134, 134])
torch.Size([1, 1, 474, 474])
torch.Size([1, 1, 127, 127])
torch.Size([1, 1, 141, 141])
torch.Size([1, 1, 408, 408])
torch.Size([1, 1, 70, 70])
torch.Size([1, 1, 135, 135])
torch.Size([1, 1, 110, 110])
torch.Size([1, 1, 357, 357])
torch.Size([1, 1, 581, 581])
torch.Size([1, 1, 135, 135])
torch.Size([1, 1, 39, 39])
torch.Size([1, 1, 374, 374])
torch.Size([1, 1, 403, 403])
torch.Size([1, 1, 140, 140])
torch.Size([1, 1, 29, 29])
torch.Size([1, 1, 88, 88])
torch.Size([1, 1, 216, 216])
torch.Size([1, 1, 380, 380])
torch.Size([1, 1, 84, 84])
torch.Size([1, 1, 319, 319])
torch.Size([1, 1, 451, 451])
torch.Size([1, 1, 77, 77])
torch.Size([1, 1, 310, 310])
torch.Size([1, 1, 301, 301])
torch.Size([1, 1, 30, 30])
torch.Size([1, 1, 52, 52])
torch.Size([1, 1, 389, 389])
torch.Size([1, 1, 528, 528])
torch.Size([1, 1, 244, 244])
torch.Size([1, 1, 223, 223])
torch.Size([1, 1, 500, 500])
torch.Size([1, 1, 299, 299])
torch.Size([1, 1, 265, 265])
torch.Size([1, 1, 276, 276])
torch.Size([1, 1, 376, 376])
torch.Size([1, 1, 215, 215])
torch.Size([1, 1, 602, 602])
torch.Size([1, 1, 299, 299])
torch.Size([1, 1, 64, 64])
torch.Size([1, 1, 162, 162])
torch.Size([1, 1, 130, 130])
torch.Size([1, 1, 399, 399])
torch.Size([1, 1, 345, 345])
torch.Size([1, 1, 215, 215])
torch.Size([1, 1, 103, 103])
torch.Size([1, 1, 173, 173])
torch.Size([1, 1, 96, 96])
torch.Size([1, 1, 351, 351])
torch.Size([1, 1, 123, 123])
torch.Size([1, 1, 83, 83])
torch.Size([1, 1, 331, 331])
torch.Size([1, 1, 152, 152])
torch.Size([1, 1, 286, 286])
torch.Size([1, 1, 438, 438])
torch.Size([1, 1, 54, 54])
torch.Size([1, 1, 164, 164])
torch.Size([1, 1, 145, 145])
torch.Size([1, 1, 163, 163])
torch.Size([1, 1, 347, 347])
torch.Size([1, 1, 267, 267])
torch.Size([1, 1, 48, 48])
torch.Size([1, 1, 224, 224])
torch.Size([1, 1, 309, 309])
torch.Size([1, 1, 168, 168])
torch.Size([1, 1, 158, 158])
torch.Size([1, 1, 324, 324])
torch.Size([1, 1, 195, 195])
torch.Size([1, 1, 124, 124])
torch.Size([1, 1, 549, 549])
torch.Size([1, 1, 45, 45])
torch.Size([1, 1, 176, 176])
torch.Size([1, 1, 253, 253])
torch.Size([1, 1, 135, 135])
torch.Size([1, 1, 555, 555])
torch.Size([1, 1, 140, 140])
torch.Size([1, 1, 99, 99])
torch.Size([1, 1, 332, 332])
torch.Size([1, 1, 65, 65])
torch.Size([1, 1, 74, 74])
torch.Size([1, 1, 125, 125])
torch.Size([1, 1, 188, 188])
torch.Size([1, 1, 336, 336])
torch.Size([1, 1, 165, 165])
torch.Size([1, 1, 47, 47])
torch.Size([1, 1, 30, 30])
torch.Size([1, 1, 64, 64])
torch.Size([1, 1, 137, 137])
torch.Size([1, 1, 143, 143])
torch.Size([1, 1, 34, 34])
torch.Size([1, 1, 181, 181])
torch.Size([1, 1, 422, 422])
torch.Size([1, 1, 228, 228])
torch.Size([1, 1, 86, 86])
torch.Size([1, 1, 241, 241])
torch.Size([1, 1, 94, 94])
torch.Size([1, 1, 325, 325])
torch.Size([1, 1, 196, 196])
torch.Size([1, 1, 62, 62])
torch.Size([1, 1, 309, 309])
torch.Size([1, 1, 186, 186])
torch.Size([1, 1, 394, 394])
torch.Size([1, 1, 243, 243])
torch.Size([1, 1, 329, 329])
torch.Size([1, 1, 90, 90])
torch.Size([1, 1, 311, 311])
torch.Size([1, 1, 361, 361])
torch.Size([1, 1, 67, 67])
torch.Size([1, 1, 94, 94])
torch.Size([1, 1, 32, 32])
torch.Size([1, 1, 155, 155])
torch.Size([1, 1, 60, 60])
torch.Size([1, 1, 102, 102])
torch.Size([1, 1, 213, 213])
torch.Size([1, 1, 373, 373])
torch.Size([1, 1, 117, 117])
torch.Size([1, 1, 143, 143])
torch.Size([1, 1, 79, 79])
torch.Size([1, 1, 346, 346])
torch.Size([1, 1, 180, 180])
torch.Size([1, 1, 217, 217])
torch.Size([1, 1, 163, 163])
torch.Size([1, 1, 71, 71])
torch.Size([1, 1, 122, 122])
torch.Size([1, 1, 282, 282])
torch.Size([1, 1, 100, 100])
torch.Size([1, 1, 332, 332])
torch.Size([1, 1, 332, 332])
torch.Size([1, 1, 49, 49])
torch.Size([1, 1, 80, 80])
torch.Size([1, 1, 365, 365])
torch.Size([1, 1, 219, 219])
torch.Size([1, 1, 302, 302])
torch.Size([1, 1, 69, 69])
torch.Size([1, 1, 207, 207])
torch.Size([1, 1, 311, 311])
torch.Size([1, 1, 81, 81])
torch.Size([1, 1, 637, 637])
torch.Size([1, 1, 302, 302])
torch.Size([1, 1, 53, 53])
torch.Size([1, 1, 269, 269])
torch.Size([1, 1, 320, 320])
torch.Size([1, 1, 156, 156])
torch.Size([1, 1, 106, 106])
torch.Size([1, 1, 130, 130])
torch.Size([1, 1, 252, 252])
torch.Size([1, 1, 150, 150])
torch.Size([1, 1, 289, 289])
torch.Size([1, 1, 98, 98])
torch.Size([1, 1, 93, 93])
torch.Size([1, 1, 220, 220])
torch.Size([1, 1, 71, 71])
torch.Size([1, 1, 355, 355])
torch.Size([1, 1, 112, 112])
torch.Size([1, 1, 441, 441])
torch.Size([1, 1, 86, 86])
torch.Size([1, 1, 126, 126])
torch.Size([1, 1, 31, 31])
torch.Size([1, 1, 90, 90])
torch.Size([1, 1, 418, 418])
torch.Size([1, 1, 275, 275])
torch.Size([1, 1, 227, 227])
torch.Size([1, 1, 464, 464])
torch.Size([1, 1, 259, 259])
torch.Size([1, 1, 131, 131])
torch.Size([1, 1, 64, 64])
torch.Size([1, 1, 141, 141])
torch.Size([1, 1, 188, 188])
torch.Size([1, 1, 257, 257])
torch.Size([1, 1, 250, 250])
torch.Size([1, 1, 32, 32])
torch.Size([1, 1, 123, 123])
torch.Size([1, 1, 116, 116])
torch.Size([1, 1, 396, 396])
torch.Size([1, 1, 173, 173])
torch.Size([1, 1, 78, 78])
torch.Size([1, 1, 108, 108])
torch.Size([1, 1, 52, 52])
torch.Size([1, 1, 161, 161])
torch.Size([1, 1, 88, 88])
torch.Size([1, 1, 128, 128])
torch.Size([1, 1, 86, 86])
torch.Size([1, 1, 190, 190])
torch.Size([1, 1, 341, 341])
torch.Size([1, 1, 223, 223])
torch.Size([1, 1, 237, 237])
torch.Size([1, 1, 203, 203])
torch.Size([1, 1, 221, 221])
torch.Size([1, 1, 267, 267])
torch.Size([1, 1, 108, 108])
torch.Size([1, 1, 115, 115])
torch.Size([1, 1, 51, 51])
torch.Size([1, 1, 305, 305])
torch.Size([1, 1, 115, 115])
torch.Size([1, 1, 232, 232])
torch.Size([1, 1, 98, 98])
torch.Size([1, 1, 114, 114])
torch.Size([1, 1, 148, 148])
torch.Size([1, 1, 212, 212])
torch.Size([1, 1, 87, 87])
torch.Size([1, 1, 185, 185])
torch.Size([1, 1, 448, 448])
torch.Size([1, 1, 104, 104])
torch.Size([1, 1, 334, 334])
torch.Size([1, 1, 189, 189])
torch.Size([1, 1, 398, 398])
torch.Size([1, 1, 162, 162])
torch.Size([1, 1, 35, 35])
torch.Size([1, 1, 399, 399])
torch.Size([1, 1, 127, 127])
torch.Size([1, 1, 54, 54])
torch.Size([1, 1, 225, 225])
