Epoch 0 | Iteration 0 | Loss 3137.588134765625 | Accuracy 0.5669654133020332 | LR 0.001
Sample logits: 26.05099868774414, 0.0
Epoch 0 | Iteration 500 | Loss 3284.744140625 | Accuracy 0.6196124925857026 | LR 0.001
Sample logits: 5.614078521728516, 0.0
Epoch 0 | Iteration 1000 | Loss 1136.18310546875 | Accuracy 0.5650487300549355 | LR 0.001
Sample logits: 5.0041680335998535, 0.0
Epoch 0 | Iteration 1500 | Loss 3578.4111328125 | Accuracy 0.6658180597538611 | LR 0.001
Sample logits: 14.312287330627441, 0.0
Epoch 0 | Iteration 2000 | Loss 3568.455810546875 | Accuracy 0.6803562594452464 | LR 0.001
Sample logits: 23.335844039916992, 0.0
Epoch 0 | Iteration 2500 | Loss 1311.7431640625 | Accuracy 0.533158592237193 | LR 0.001
Sample logits: 13.451946258544922, 0.0
Epoch 0 | Iteration 3000 | Loss 3841.573974609375 | Accuracy 0.5460665584556008 | LR 0.001
Sample logits: 45.51082229614258, 0.0
Epoch 0 | Iteration 3500 | Loss 593.3165283203125 | Accuracy 0.5722272399623616 | LR 0.001
Sample logits: 16.053876876831055, 0.0
Epoch 0 | Iteration 4000 | Loss 1875.2066650390625 | Accuracy 0.5848879651061647 | LR 0.001
Sample logits: 16.522714614868164, 0.0
Epoch 0 | Iteration 4500 | Loss 562.4801635742188 | Accuracy 0.5652721554566821 | LR 0.001
Sample logits: 17.699783325195312, 0.0
Epoch 0 | Iteration 5000 | Loss 1895.08935546875 | Accuracy 0.5661754712297409 | LR 0.001
Sample logits: 29.316499710083008, 0.0
Epoch 0 | Iteration 5500 | Loss 1447.7069091796875 | Accuracy 0.6222363823089684 | LR 0.001
Sample logits: 18.366851806640625, 0.0
Train loss:      1795.1737727302623
Train accuracy:  0.5798699707768176
Test Sample logits: 0.4735766053199768, 0.0
Test Sample logits: 0.4590388238430023, 0.0
Test Sample logits: 0.5596573352813721, 0.0
Test Sample logits: 0.32375368475914, 0.0
Test Sample logits: 0.2905474007129669, 0.0
Test loss:      1811.1801238205671
Test accuracy:  0.595936487779997
Epoch 1 | Iteration 0 | Loss 882.4041137695312 | Accuracy 0.5537219141331108 | LR 0.001
Sample logits: 20.28339385986328, 0.0
Epoch 1 | Iteration 500 | Loss 2357.28515625 | Accuracy 0.6047638908795798 | LR 0.001
Sample logits: 16.460247039794922, 0.0
Epoch 1 | Iteration 1000 | Loss 2140.91650390625 | Accuracy 0.6174934139708798 | LR 0.001
Sample logits: 31.749351501464844, 0.0
Epoch 1 | Iteration 1500 | Loss 4300.0302734375 | Accuracy 0.6506276569702052 | LR 0.001
Sample logits: 14.649333000183105, 0.0
Epoch 1 | Iteration 2000 | Loss 2510.46240234375 | Accuracy 0.5385927812890047 | LR 0.001
Sample logits: 6.635188579559326, 0.0
Epoch 1 | Iteration 2500 | Loss 1396.7779541015625 | Accuracy 0.5550623251933489 | LR 0.001
Sample logits: 17.53231430053711, 0.0
Epoch 1 | Iteration 3000 | Loss 1309.192138671875 | Accuracy 0.5930490500761357 | LR 0.001
Sample logits: 10.094423294067383, 0.0
Epoch 1 | Iteration 3500 | Loss 1145.71728515625 | Accuracy 0.5448393931907103 | LR 0.001
Sample logits: 14.579508781433105, 0.0
Epoch 1 | Iteration 4000 | Loss 571.4039306640625 | Accuracy 0.5458944185292408 | LR 0.001
Sample logits: 27.24600601196289, 0.0
Epoch 1 | Iteration 4500 | Loss 651.6433715820312 | Accuracy 0.6057583884983485 | LR 0.001
Sample logits: 15.90304183959961, 0.0
Epoch 1 | Iteration 5000 | Loss 3966.0029296875 | Accuracy 0.6108698010317533 | LR 0.001
Sample logits: 13.78381633758545, 0.0
Epoch 1 | Iteration 5500 | Loss 730.830078125 | Accuracy 0.5421560513929832 | LR 0.001
Sample logits: 16.776742935180664, 0.0
Train loss:      1777.93387580735
Train accuracy:  0.5845453925192068
Test Sample logits: 0.6917971968650818, 0.0
Test Sample logits: 0.5854331851005554, 0.0
Test Sample logits: 0.31337809562683105, 0.0
Test Sample logits: 0.33831244707107544, 0.0
Test Sample logits: 0.4525018632411957, 0.0
Test loss:      1810.595750859216
Test accuracy:  0.5969119583506156
Epoch 2 | Iteration 0 | Loss 1407.1165771484375 | Accuracy 0.5536808785339775 | LR 0.001
Sample logits: 18.23362922668457, 0.0
Epoch 2 | Iteration 500 | Loss 455.83837890625 | Accuracy 0.5449580480173367 | LR 0.001
Sample logits: 18.73203468322754, 0.0
Epoch 2 | Iteration 1000 | Loss 456.291015625 | Accuracy 0.5542872127623357 | LR 0.001
Sample logits: 13.382966995239258, 0.0
Epoch 2 | Iteration 1500 | Loss 791.1829833984375 | Accuracy 0.5584229343856517 | LR 0.001
Sample logits: 16.04728889465332, 0.0
Epoch 2 | Iteration 2000 | Loss 487.08892822265625 | Accuracy 0.5327976662534071 | LR 0.001
Sample logits: 17.154237747192383, 0.0
Epoch 2 | Iteration 2500 | Loss 1363.6954345703125 | Accuracy 0.5736065671996344 | LR 0.001
Sample logits: 19.08370590209961, 0.0
Epoch 2 | Iteration 3000 | Loss 2188.3779296875 | Accuracy 0.6209670888274783 | LR 0.001
Sample logits: 37.76597595214844, 0.0
Epoch 2 | Iteration 3500 | Loss 778.8046264648438 | Accuracy 0.5612213885917123 | LR 0.001
Sample logits: 38.09142303466797, 0.0
Epoch 2 | Iteration 4000 | Loss 1960.8134765625 | Accuracy 0.6191582569746958 | LR 0.001
Sample logits: 23.46466064453125, 0.0
Epoch 2 | Iteration 4500 | Loss 7131.310546875 | Accuracy 0.6559582769219557 | LR 0.001
Sample logits: 30.95092010498047, 0.0
Epoch 2 | Iteration 5000 | Loss 1400.455810546875 | Accuracy 0.5575102438955866 | LR 0.001
Sample logits: 18.511558532714844, 0.0
Epoch 2 | Iteration 5500 | Loss 778.484619140625 | Accuracy 0.5316799664478343 | LR 0.001
Sample logits: 13.363069534301758, 0.0
Train loss:      1777.439144400542
Train accuracy:  0.5851668546746313
Test Sample logits: 0.30788567662239075, 0.0
Test Sample logits: 0.30851370096206665, 0.0
Test Sample logits: 0.24299149215221405, 0.0
Test Sample logits: 0.0, 0.0
Test Sample logits: 0.4214113652706146, 0.0
Test loss:      1811.1398768221045
Test accuracy:  0.5963868341011831
Epoch 3 | Iteration 0 | Loss 1020.8871459960938 | Accuracy 0.5504051414274643 | LR 0.001
Sample logits: 12.659358024597168, 0.0
